[INFO] 16:15:09:353 KERNEL_EXTRA/(27897:27897): Kernel escuchando conexiones...
[INFO] 16:15:11:333 KERNEL_EXTRA/(27897:27897): Se conecto un cliente!
[INFO] 16:15:11:333 KERNEL_EXTRA/(27897:27900): Recibido handshake HANDSHAKE_CONSOLA.
[WARNING] 16:15:11:333 KERNEL_EXTRA/(27897:27900): Cliente desconectado!
[WARNING] 16:15:11:333 KERNEL_EXTRA/(27897:27900): El cliente se desconectó del server
[INFO] 16:15:11:333 KERNEL_EXTRA/(27897:27897): Se conecto un cliente!
[INFO] 16:15:11:333 KERNEL_EXTRA/(27897:27901): Recibiendo paquete de instrucciones...
[WARNING] 16:15:11:333 KERNEL_EXTRA/(27897:27901): Cliente desconectado!
[WARNING] 16:15:11:333 KERNEL_EXTRA/(27897:27901): El cliente se desconectó del server
[INFO] 16:15:13:079 KERNEL_EXTRA/(27897:27897): Se conecto un cliente!
[INFO] 16:15:13:079 KERNEL_EXTRA/(27897:27903): Recibido handshake HANDSHAKE_CONSOLA.
[WARNING] 16:15:13:079 KERNEL_EXTRA/(27897:27903): Cliente desconectado!
[WARNING] 16:15:13:079 KERNEL_EXTRA/(27897:27903): El cliente se desconectó del server
[INFO] 16:15:13:079 KERNEL_EXTRA/(27897:27897): Se conecto un cliente!
[INFO] 16:15:13:079 KERNEL_EXTRA/(27897:27904): Recibiendo paquete de instrucciones...
[WARNING] 16:15:13:079 KERNEL_EXTRA/(27897:27904): Cliente desconectado!
[WARNING] 16:15:13:079 KERNEL_EXTRA/(27897:27904): El cliente se desconectó del server
[INFO] 16:15:13:855 KERNEL_EXTRA/(27897:27897): Se conecto un cliente!
[INFO] 16:15:13:855 KERNEL_EXTRA/(27897:27906): Recibido handshake HANDSHAKE_CONSOLA.
[WARNING] 16:15:13:855 KERNEL_EXTRA/(27897:27906): Cliente desconectado!
[WARNING] 16:15:13:855 KERNEL_EXTRA/(27897:27906): El cliente se desconectó del server
[INFO] 16:15:13:855 KERNEL_EXTRA/(27897:27897): Se conecto un cliente!
[INFO] 16:15:13:855 KERNEL_EXTRA/(27897:27907): Recibiendo paquete de instrucciones...
[WARNING] 16:15:13:855 KERNEL_EXTRA/(27897:27907): Cliente desconectado!
[WARNING] 16:15:13:855 KERNEL_EXTRA/(27897:27907): El cliente se desconectó del server
[INFO] 16:15:14:512 KERNEL_EXTRA/(27897:27897): Se conecto un cliente!
[INFO] 16:15:14:512 KERNEL_EXTRA/(27897:27909): Recibido handshake HANDSHAKE_CONSOLA.
[WARNING] 16:15:14:512 KERNEL_EXTRA/(27897:27909): Cliente desconectado!
[WARNING] 16:15:14:512 KERNEL_EXTRA/(27897:27909): El cliente se desconectó del server
[INFO] 16:15:14:512 KERNEL_EXTRA/(27897:27897): Se conecto un cliente!
[INFO] 16:15:14:512 KERNEL_EXTRA/(27897:27910): Recibiendo paquete de instrucciones...
[WARNING] 16:15:14:512 KERNEL_EXTRA/(27897:27910): Cliente desconectado!
[WARNING] 16:15:14:512 KERNEL_EXTRA/(27897:27910): El cliente se desconectó del server
[INFO] 16:15:15:565 KERNEL_EXTRA/(27897:27897): Se conecto un cliente!
[INFO] 16:15:15:565 KERNEL_EXTRA/(27897:27912): Recibido handshake HANDSHAKE_CONSOLA.
[WARNING] 16:15:15:565 KERNEL_EXTRA/(27897:27912): Cliente desconectado!
[WARNING] 16:15:15:565 KERNEL_EXTRA/(27897:27912): El cliente se desconectó del server
[INFO] 16:15:15:565 KERNEL_EXTRA/(27897:27897): Se conecto un cliente!
[INFO] 16:15:15:565 KERNEL_EXTRA/(27897:27913): Recibiendo paquete de instrucciones...
[WARNING] 16:15:15:565 KERNEL_EXTRA/(27897:27913): Cliente desconectado!
[WARNING] 16:15:15:565 KERNEL_EXTRA/(27897:27913): El cliente se desconectó del server
[INFO] 16:15:16:301 KERNEL_EXTRA/(27897:27897): Se conecto un cliente!
[INFO] 16:15:16:301 KERNEL_EXTRA/(27897:27915): Recibido handshake HANDSHAKE_CONSOLA.
[WARNING] 16:15:16:301 KERNEL_EXTRA/(27897:27915): Cliente desconectado!
[WARNING] 16:15:16:301 KERNEL_EXTRA/(27897:27915): El cliente se desconectó del server
[INFO] 16:15:16:301 KERNEL_EXTRA/(27897:27897): Se conecto un cliente!
[INFO] 16:15:16:301 KERNEL_EXTRA/(27897:27916): Recibiendo paquete de instrucciones...
[WARNING] 16:15:16:301 KERNEL_EXTRA/(27897:27916): Cliente desconectado!
[WARNING] 16:15:16:301 KERNEL_EXTRA/(27897:27916): El cliente se desconectó del server
[INFO] 16:15:16:875 KERNEL_EXTRA/(27897:27897): Se conecto un cliente!
[INFO] 16:15:16:875 KERNEL_EXTRA/(27897:27918): Recibido handshake HANDSHAKE_CONSOLA.
[WARNING] 16:15:16:875 KERNEL_EXTRA/(27897:27918): Cliente desconectado!
[WARNING] 16:15:16:875 KERNEL_EXTRA/(27897:27918): El cliente se desconectó del server
[INFO] 16:15:16:875 KERNEL_EXTRA/(27897:27897): Se conecto un cliente!
[INFO] 16:15:16:875 KERNEL_EXTRA/(27897:27919): Recibiendo paquete de instrucciones...
[WARNING] 16:15:16:875 KERNEL_EXTRA/(27897:27919): Cliente desconectado!
[WARNING] 16:15:16:875 KERNEL_EXTRA/(27897:27919): El cliente se desconectó del server
[INFO] 16:15:17:476 KERNEL_EXTRA/(27897:27897): Se conecto un cliente!
[INFO] 16:15:17:476 KERNEL_EXTRA/(27897:27921): Recibido handshake HANDSHAKE_CONSOLA.
[WARNING] 16:15:17:476 KERNEL_EXTRA/(27897:27921): Cliente desconectado!
[WARNING] 16:15:17:476 KERNEL_EXTRA/(27897:27921): El cliente se desconectó del server
[INFO] 16:15:17:476 KERNEL_EXTRA/(27897:27897): Se conecto un cliente!
[INFO] 16:15:17:476 KERNEL_EXTRA/(27897:27922): Recibiendo paquete de instrucciones...
[WARNING] 16:15:17:476 KERNEL_EXTRA/(27897:27922): Cliente desconectado!
[WARNING] 16:15:17:476 KERNEL_EXTRA/(27897:27922): El cliente se desconectó del server
[INFO] 16:15:18:095 KERNEL_EXTRA/(27897:27897): Se conecto un cliente!
[INFO] 16:15:18:096 KERNEL_EXTRA/(27897:27924): Recibido handshake HANDSHAKE_CONSOLA.
[WARNING] 16:15:18:096 KERNEL_EXTRA/(27897:27924): Cliente desconectado!
[INFO] 16:15:18:096 KERNEL_EXTRA/(27897:27897): Se conecto un cliente!
[WARNING] 16:15:18:096 KERNEL_EXTRA/(27897:27924): El cliente se desconectó del server
[INFO] 16:15:18:096 KERNEL_EXTRA/(27897:27925): Recibiendo paquete de instrucciones...
[WARNING] 16:15:18:096 KERNEL_EXTRA/(27897:27925): Cliente desconectado!
[WARNING] 16:15:18:096 KERNEL_EXTRA/(27897:27925): El cliente se desconectó del server
[INFO] 16:34:04:458 KERNEL_EXTRA/(28894:28894): Kernel escuchando conexiones...
[INFO] 16:34:07:199 KERNEL_EXTRA/(28894:28894): Se conecto un cliente!
[INFO] 16:34:07:199 KERNEL_EXTRA/(28894:28898): Recibido handshake HANDSHAKE_CONSOLA.
[WARNING] 16:34:07:199 KERNEL_EXTRA/(28894:28898): Cliente desconectado!
[WARNING] 16:34:07:199 KERNEL_EXTRA/(28894:28898): El cliente se desconectó del server
[INFO] 16:34:07:199 KERNEL_EXTRA/(28894:28894): Se conecto un cliente!
[INFO] 16:34:07:199 KERNEL_EXTRA/(28894:28899): Recibiendo paquete de instrucciones...
[WARNING] 16:34:07:199 KERNEL_EXTRA/(28894:28899): Cliente desconectado!
[WARNING] 16:34:07:199 KERNEL_EXTRA/(28894:28899): El cliente se desconectó del server
[INFO] 16:34:08:487 KERNEL_EXTRA/(28894:28894): Se conecto un cliente!
[INFO] 16:34:08:487 KERNEL_EXTRA/(28894:28901): Recibido handshake HANDSHAKE_CONSOLA.
[WARNING] 16:34:08:488 KERNEL_EXTRA/(28894:28901): Cliente desconectado!
[WARNING] 16:34:08:488 KERNEL_EXTRA/(28894:28901): El cliente se desconectó del server
[INFO] 16:34:08:488 KERNEL_EXTRA/(28894:28894): Se conecto un cliente!
[INFO] 16:34:08:488 KERNEL_EXTRA/(28894:28902): Recibiendo paquete de instrucciones...
[WARNING] 16:34:08:488 KERNEL_EXTRA/(28894:28902): Cliente desconectado!
[WARNING] 16:34:08:488 KERNEL_EXTRA/(28894:28902): El cliente se desconectó del server
[INFO] 16:34:09:136 KERNEL_EXTRA/(28894:28894): Se conecto un cliente!
[INFO] 16:34:09:136 KERNEL_EXTRA/(28894:28904): Recibido handshake HANDSHAKE_CONSOLA.
[WARNING] 16:34:09:136 KERNEL_EXTRA/(28894:28904): Cliente desconectado!
[WARNING] 16:34:09:136 KERNEL_EXTRA/(28894:28904): El cliente se desconectó del server
[INFO] 16:34:09:136 KERNEL_EXTRA/(28894:28894): Se conecto un cliente!
[INFO] 16:34:09:136 KERNEL_EXTRA/(28894:28905): Recibiendo paquete de instrucciones...
[WARNING] 16:34:09:136 KERNEL_EXTRA/(28894:28905): Cliente desconectado!
[WARNING] 16:34:09:136 KERNEL_EXTRA/(28894:28905): El cliente se desconectó del server
[INFO] 16:34:09:715 KERNEL_EXTRA/(28894:28894): Se conecto un cliente!
[INFO] 16:34:09:715 KERNEL_EXTRA/(28894:28907): Recibido handshake HANDSHAKE_CONSOLA.
[WARNING] 16:34:09:715 KERNEL_EXTRA/(28894:28907): Cliente desconectado!
[WARNING] 16:34:09:715 KERNEL_EXTRA/(28894:28907): El cliente se desconectó del server
[INFO] 16:34:09:715 KERNEL_EXTRA/(28894:28894): Se conecto un cliente!
[INFO] 16:34:09:715 KERNEL_EXTRA/(28894:28908): Recibiendo paquete de instrucciones...
[WARNING] 16:34:09:715 KERNEL_EXTRA/(28894:28908): Cliente desconectado!
[WARNING] 16:34:09:715 KERNEL_EXTRA/(28894:28908): El cliente se desconectó del server
[INFO] 16:34:43:452 KERNEL_EXTRA/(28936:28936): Kernel escuchando conexiones...
[INFO] 16:34:44:869 KERNEL_EXTRA/(28936:28936): Se conecto un cliente!
[INFO] 16:34:44:869 KERNEL_EXTRA/(28936:28939): Recibido handshake HANDSHAKE_CONSOLA.
[WARNING] 16:34:44:869 KERNEL_EXTRA/(28936:28939): Cliente desconectado!
[WARNING] 16:34:44:869 KERNEL_EXTRA/(28936:28939): El cliente se desconectó del server
[INFO] 16:34:44:869 KERNEL_EXTRA/(28936:28936): Se conecto un cliente!
[INFO] 16:34:44:869 KERNEL_EXTRA/(28936:28940): Recibiendo paquete de instrucciones...
[WARNING] 16:34:44:869 KERNEL_EXTRA/(28936:28940): Cliente desconectado!
[WARNING] 16:34:44:869 KERNEL_EXTRA/(28936:28940): El cliente se desconectó del server
[INFO] 16:34:45:888 KERNEL_EXTRA/(28936:28936): Se conecto un cliente!
[INFO] 16:34:45:888 KERNEL_EXTRA/(28936:28942): Recibido handshake HANDSHAKE_CONSOLA.
[WARNING] 16:34:45:888 KERNEL_EXTRA/(28936:28942): Cliente desconectado!
[WARNING] 16:34:45:888 KERNEL_EXTRA/(28936:28942): El cliente se desconectó del server
[INFO] 16:34:45:888 KERNEL_EXTRA/(28936:28936): Se conecto un cliente!
[INFO] 16:34:45:888 KERNEL_EXTRA/(28936:28943): Recibiendo paquete de instrucciones...
[WARNING] 16:34:45:888 KERNEL_EXTRA/(28936:28943): Cliente desconectado!
[WARNING] 16:34:45:888 KERNEL_EXTRA/(28936:28943): El cliente se desconectó del server
[INFO] 16:34:46:531 KERNEL_EXTRA/(28936:28936): Se conecto un cliente!
[INFO] 16:34:46:531 KERNEL_EXTRA/(28936:28945): Recibido handshake HANDSHAKE_CONSOLA.
[WARNING] 16:34:46:531 KERNEL_EXTRA/(28936:28945): Cliente desconectado!
[WARNING] 16:34:46:531 KERNEL_EXTRA/(28936:28945): El cliente se desconectó del server
[INFO] 16:34:46:531 KERNEL_EXTRA/(28936:28936): Se conecto un cliente!
[INFO] 16:34:46:531 KERNEL_EXTRA/(28936:28946): Recibiendo paquete de instrucciones...
[WARNING] 16:34:46:531 KERNEL_EXTRA/(28936:28946): Cliente desconectado!
[WARNING] 16:34:46:531 KERNEL_EXTRA/(28936:28946): El cliente se desconectó del server
[INFO] 16:34:47:383 KERNEL_EXTRA/(28936:28936): Se conecto un cliente!
[INFO] 16:34:47:383 KERNEL_EXTRA/(28936:28948): Recibido handshake HANDSHAKE_CONSOLA.
[WARNING] 16:34:47:383 KERNEL_EXTRA/(28936:28948): Cliente desconectado!
[WARNING] 16:34:47:383 KERNEL_EXTRA/(28936:28948): El cliente se desconectó del server
[INFO] 16:34:47:383 KERNEL_EXTRA/(28936:28936): Se conecto un cliente!
[INFO] 16:34:47:383 KERNEL_EXTRA/(28936:28949): Recibiendo paquete de instrucciones...
[WARNING] 16:34:47:383 KERNEL_EXTRA/(28936:28949): Cliente desconectado!
[WARNING] 16:34:47:383 KERNEL_EXTRA/(28936:28949): El cliente se desconectó del server
[INFO] 16:34:48:108 KERNEL_EXTRA/(28936:28936): Se conecto un cliente!
[INFO] 16:34:48:109 KERNEL_EXTRA/(28936:28951): Recibido handshake HANDSHAKE_CONSOLA.
[WARNING] 16:34:48:109 KERNEL_EXTRA/(28936:28951): Cliente desconectado!
[WARNING] 16:34:48:109 KERNEL_EXTRA/(28936:28951): El cliente se desconectó del server
[INFO] 16:34:48:109 KERNEL_EXTRA/(28936:28936): Se conecto un cliente!
[INFO] 16:34:48:109 KERNEL_EXTRA/(28936:28952): Recibiendo paquete de instrucciones...
[WARNING] 16:34:48:109 KERNEL_EXTRA/(28936:28952): Cliente desconectado!
[WARNING] 16:34:48:109 KERNEL_EXTRA/(28936:28952): El cliente se desconectó del server
[INFO] 16:34:50:165 KERNEL_EXTRA/(28936:28936): Se conecto un cliente!
[INFO] 16:34:50:165 KERNEL_EXTRA/(28936:28954): Recibido handshake HANDSHAKE_CONSOLA.
[WARNING] 16:34:50:165 KERNEL_EXTRA/(28936:28954): Cliente desconectado!
[WARNING] 16:34:50:165 KERNEL_EXTRA/(28936:28954): El cliente se desconectó del server
[INFO] 16:34:50:165 KERNEL_EXTRA/(28936:28936): Se conecto un cliente!
[INFO] 16:34:50:165 KERNEL_EXTRA/(28936:28955): Recibiendo paquete de instrucciones...
[WARNING] 16:34:50:165 KERNEL_EXTRA/(28936:28955): Cliente desconectado!
[WARNING] 16:34:50:165 KERNEL_EXTRA/(28936:28955): El cliente se desconectó del server
[INFO] 16:34:51:332 KERNEL_EXTRA/(28936:28936): Se conecto un cliente!
[INFO] 16:34:51:332 KERNEL_EXTRA/(28936:28957): Recibido handshake HANDSHAKE_CONSOLA.
[WARNING] 16:34:51:333 KERNEL_EXTRA/(28936:28957): Cliente desconectado!
[WARNING] 16:34:51:333 KERNEL_EXTRA/(28936:28957): El cliente se desconectó del server
[INFO] 16:34:51:333 KERNEL_EXTRA/(28936:28936): Se conecto un cliente!
[INFO] 16:34:51:333 KERNEL_EXTRA/(28936:28958): Recibiendo paquete de instrucciones...
[WARNING] 16:34:51:333 KERNEL_EXTRA/(28936:28958): Cliente desconectado!
[WARNING] 16:34:51:333 KERNEL_EXTRA/(28936:28958): El cliente se desconectó del server
[INFO] 16:34:52:116 KERNEL_EXTRA/(28936:28936): Se conecto un cliente!
[INFO] 16:34:52:116 KERNEL_EXTRA/(28936:28960): Recibido handshake HANDSHAKE_CONSOLA.
[WARNING] 16:34:52:117 KERNEL_EXTRA/(28936:28960): Cliente desconectado!
[WARNING] 16:34:52:117 KERNEL_EXTRA/(28936:28960): El cliente se desconectó del server
[INFO] 16:34:52:117 KERNEL_EXTRA/(28936:28936): Se conecto un cliente!
[INFO] 16:34:52:117 KERNEL_EXTRA/(28936:28961): Recibiendo paquete de instrucciones...
[WARNING] 16:34:52:117 KERNEL_EXTRA/(28936:28961): Cliente desconectado!
[WARNING] 16:34:52:117 KERNEL_EXTRA/(28936:28961): El cliente se desconectó del server
[INFO] 16:34:52:914 KERNEL_EXTRA/(28936:28936): Se conecto un cliente!
[INFO] 16:34:52:914 KERNEL_EXTRA/(28936:28963): Recibido handshake HANDSHAKE_CONSOLA.
[WARNING] 16:34:52:914 KERNEL_EXTRA/(28936:28963): Cliente desconectado!
[WARNING] 16:34:52:914 KERNEL_EXTRA/(28936:28963): El cliente se desconectó del server
[INFO] 16:34:52:914 KERNEL_EXTRA/(28936:28936): Se conecto un cliente!
[INFO] 16:34:52:914 KERNEL_EXTRA/(28936:28964): Recibiendo paquete de instrucciones...
[WARNING] 16:34:52:914 KERNEL_EXTRA/(28936:28964): Cliente desconectado!
[WARNING] 16:34:52:914 KERNEL_EXTRA/(28936:28964): El cliente se desconectó del server
[INFO] 16:17:14:284 KERNEL_EXTRA/(41058:41058): Kernel escuchando conexiones...
[INFO] 16:17:49:827 KERNEL_EXTRA/(41058:41058): Se conecto un cliente!
[INFO] 16:17:49:827 KERNEL_EXTRA/(41058:41214): Recibido handshake HANDSHAKE_CONSOLA.
[WARNING] 16:17:49:827 KERNEL_EXTRA/(41058:41214): Cliente desconectado!
[WARNING] 16:17:49:828 KERNEL_EXTRA/(41058:41214): El cliente se desconectó del server
[INFO] 16:17:49:828 KERNEL_EXTRA/(41058:41058): Se conecto un cliente!
[INFO] 16:17:49:828 KERNEL_EXTRA/(41058:41215): Recibiendo paquete de instrucciones...
[INFO] 16:18:29:642 KERNEL_EXTRA/(41058:41058): Se conecto un cliente!
[INFO] 16:18:29:642 KERNEL_EXTRA/(41058:41349): Recibido handshake HANDSHAKE_CONSOLA.
[WARNING] 16:18:29:642 KERNEL_EXTRA/(41058:41349): Cliente desconectado!
[INFO] 16:18:29:642 KERNEL_EXTRA/(41058:41058): Se conecto un cliente!
[WARNING] 16:18:29:642 KERNEL_EXTRA/(41058:41349): El cliente se desconectó del server
[INFO] 16:18:29:642 KERNEL_EXTRA/(41058:41350): Recibiendo paquete de instrucciones...
[WARNING] 16:18:29:643 KERNEL_EXTRA/(41058:41350): Cliente desconectado!
[WARNING] 16:18:29:643 KERNEL_EXTRA/(41058:41350): El cliente se desconectó del server
[INFO] 16:18:44:337 KERNEL_EXTRA/(41058:41058): Se conecto un cliente!
[INFO] 16:18:44:337 KERNEL_EXTRA/(41058:41411): Recibido handshake HANDSHAKE_CONSOLA.
[WARNING] 16:18:44:337 KERNEL_EXTRA/(41058:41411): Cliente desconectado!
[WARNING] 16:18:44:337 KERNEL_EXTRA/(41058:41411): El cliente se desconectó del server
[INFO] 16:18:44:337 KERNEL_EXTRA/(41058:41058): Se conecto un cliente!
[INFO] 16:18:44:337 KERNEL_EXTRA/(41058:41412): Recibiendo paquete de instrucciones...
[WARNING] 16:18:44:337 KERNEL_EXTRA/(41058:41412): Cliente desconectado!
[WARNING] 16:18:44:337 KERNEL_EXTRA/(41058:41412): El cliente se desconectó del server
[INFO] 16:18:52:432 KERNEL_EXTRA/(41476:41476): Kernel escuchando conexiones...
[INFO] 16:19:08:033 KERNEL_EXTRA/(41584:41584): Kernel escuchando conexiones...
[INFO] 16:19:47:367 KERNEL_EXTRA/(41890:41890): Kernel escuchando conexiones...
[INFO] 16:19:50:097 KERNEL_EXTRA/(41890:41890): Se conecto un cliente!
[INFO] 16:19:50:097 KERNEL_EXTRA/(41890:41912): Recibido handshake HANDSHAKE_CONSOLA.
[WARNING] 16:19:50:097 KERNEL_EXTRA/(41890:41912): Cliente desconectado!
[WARNING] 16:19:50:097 KERNEL_EXTRA/(41890:41912): El cliente se desconectó del server
[INFO] 16:19:50:097 KERNEL_EXTRA/(41890:41890): Se conecto un cliente!
[INFO] 16:19:50:097 KERNEL_EXTRA/(41890:41913): Recibiendo paquete de instrucciones...
[WARNING] 16:19:50:097 KERNEL_EXTRA/(41890:41913): Cliente desconectado!
[WARNING] 16:19:50:097 KERNEL_EXTRA/(41890:41913): El cliente se desconectó del server
[INFO] 16:19:54:848 KERNEL_EXTRA/(41890:41890): Se conecto un cliente!
[INFO] 16:19:54:848 KERNEL_EXTRA/(41890:41950): Recibido handshake HANDSHAKE_CONSOLA.
[WARNING] 16:19:54:849 KERNEL_EXTRA/(41890:41950): Cliente desconectado!
[WARNING] 16:19:54:849 KERNEL_EXTRA/(41890:41950): El cliente se desconectó del server
[INFO] 16:19:54:849 KERNEL_EXTRA/(41890:41890): Se conecto un cliente!
[INFO] 16:19:54:849 KERNEL_EXTRA/(41890:41951): Recibiendo paquete de instrucciones...
[WARNING] 16:19:54:849 KERNEL_EXTRA/(41890:41951): Cliente desconectado!
[WARNING] 16:19:54:849 KERNEL_EXTRA/(41890:41951): El cliente se desconectó del server
[INFO] 16:23:08:334 KERNEL_EXTRA/(42232:42232): Kernel escuchando conexiones...
[INFO] 16:23:12:682 KERNEL_EXTRA/(42232:42232): Se conecto un cliente!
[INFO] 16:23:12:682 KERNEL_EXTRA/(42232:42261): Recibido handshake HANDSHAKE_CONSOLA.
[WARNING] 16:23:12:682 KERNEL_EXTRA/(42232:42261): Cliente desconectado!
[WARNING] 16:23:12:682 KERNEL_EXTRA/(42232:42261): El cliente se desconectó del server
[INFO] 16:23:12:682 KERNEL_EXTRA/(42232:42232): Se conecto un cliente!
[INFO] 16:23:12:682 KERNEL_EXTRA/(42232:42262): Recibiendo paquete de instrucciones...
[WARNING] 16:23:12:683 KERNEL_EXTRA/(42232:42262): Cliente desconectado!
[WARNING] 16:23:12:683 KERNEL_EXTRA/(42232:42262): El cliente se desconectó del server
[INFO] 16:23:18:547 KERNEL_EXTRA/(42232:42232): Se conecto un cliente!
[INFO] 16:23:18:547 KERNEL_EXTRA/(42232:42323): Recibido handshake HANDSHAKE_CONSOLA.
[WARNING] 16:23:18:547 KERNEL_EXTRA/(42232:42323): Cliente desconectado!
[WARNING] 16:23:18:547 KERNEL_EXTRA/(42232:42323): El cliente se desconectó del server
[INFO] 16:23:18:547 KERNEL_EXTRA/(42232:42232): Se conecto un cliente!
[INFO] 16:23:18:548 KERNEL_EXTRA/(42232:42324): Recibiendo paquete de instrucciones...
[WARNING] 16:23:18:548 KERNEL_EXTRA/(42232:42324): Cliente desconectado!
[WARNING] 16:23:18:548 KERNEL_EXTRA/(42232:42324): El cliente se desconectó del server
[INFO] 16:25:40:179 KERNEL_EXTRA/(42503:42503): Kernel escuchando conexiones...
[INFO] 16:25:49:118 KERNEL_EXTRA/(42541:42541): Kernel escuchando conexiones...
[INFO] 16:25:59:205 KERNEL_EXTRA/(42600:42600): Kernel escuchando conexiones...
[INFO] 16:26:01:694 KERNEL_EXTRA/(42600:42600): Se conecto un cliente!
[INFO] 16:26:01:694 KERNEL_EXTRA/(42600:42620): Recibido handshake HANDSHAKE_CONSOLA.
[WARNING] 16:26:01:694 KERNEL_EXTRA/(42600:42620): Cliente desconectado!
[WARNING] 16:26:01:694 KERNEL_EXTRA/(42600:42620): El cliente se desconectó del server
[INFO] 16:26:01:694 KERNEL_EXTRA/(42600:42600): Se conecto un cliente!
[INFO] 16:26:01:694 KERNEL_EXTRA/(42600:42621): Recibiendo paquete de instrucciones...
[WARNING] 16:26:01:694 KERNEL_EXTRA/(42600:42621): Cliente desconectado!
[WARNING] 16:26:01:694 KERNEL_EXTRA/(42600:42621): El cliente se desconectó del server
[INFO] 16:26:25:754 KERNEL_EXTRA/(42689:42689): Kernel escuchando conexiones...
[INFO] 16:26:28:106 KERNEL_EXTRA/(42689:42689): Se conecto un cliente!
[INFO] 16:26:28:106 KERNEL_EXTRA/(42689:42709): Recibido handshake HANDSHAKE_CONSOLA.
[WARNING] 16:26:28:107 KERNEL_EXTRA/(42689:42709): Cliente desconectado!
[WARNING] 16:26:28:107 KERNEL_EXTRA/(42689:42709): El cliente se desconectó del server
[INFO] 16:26:28:107 KERNEL_EXTRA/(42689:42689): Se conecto un cliente!
[INFO] 16:26:28:107 KERNEL_EXTRA/(42689:42710): Recibiendo paquete de instrucciones...
[WARNING] 16:26:28:107 KERNEL_EXTRA/(42689:42710): Cliente desconectado!
[WARNING] 16:26:28:107 KERNEL_EXTRA/(42689:42710): El cliente se desconectó del server
[INFO] 16:28:05:958 KERNEL_EXTRA/(42840:42840): Kernel escuchando conexiones...
[INFO] 16:29:10:974 KERNEL_EXTRA/(42978:42978): Kernel escuchando conexiones...
[INFO] 16:29:13:622 KERNEL_EXTRA/(42992:42992): Kernel escuchando conexiones...
[INFO] 16:29:17:016 KERNEL_EXTRA/(42992:42992): Se conecto un cliente!
[INFO] 16:29:17:016 KERNEL_EXTRA/(42992:43022): Recibido handshake HANDSHAKE_CONSOLA.
[WARNING] 16:29:17:016 KERNEL_EXTRA/(42992:43022): Cliente desconectado!
[WARNING] 16:29:17:016 KERNEL_EXTRA/(42992:43022): El cliente se desconectó del server
[INFO] 16:29:17:016 KERNEL_EXTRA/(42992:42992): Se conecto un cliente!
[INFO] 16:29:17:016 KERNEL_EXTRA/(42992:43023): Recibiendo paquete de instrucciones...
[WARNING] 16:29:17:016 KERNEL_EXTRA/(42992:43023): Cliente desconectado!
[WARNING] 16:29:17:016 KERNEL_EXTRA/(42992:43023): El cliente se desconectó del server
[INFO] 16:29:25:270 KERNEL_EXTRA/(43103:43103): Kernel escuchando conexiones...
[INFO] 16:29:27:507 KERNEL_EXTRA/(43103:43103): Se conecto un cliente!
[INFO] 16:29:27:507 KERNEL_EXTRA/(43103:43126): Recibido handshake HANDSHAKE_CONSOLA.
[WARNING] 16:29:27:508 KERNEL_EXTRA/(43103:43126): Cliente desconectado!
[WARNING] 16:29:27:508 KERNEL_EXTRA/(43103:43126): El cliente se desconectó del server
[INFO] 16:29:27:508 KERNEL_EXTRA/(43103:43103): Se conecto un cliente!
[INFO] 16:29:27:508 KERNEL_EXTRA/(43103:43127): Recibiendo paquete de instrucciones...
[INFO] 16:29:29:584 KERNEL_EXTRA/(43103:43103): Se conecto un cliente!
[INFO] 16:29:29:584 KERNEL_EXTRA/(43103:43146): Recibido handshake HANDSHAKE_CONSOLA.
[WARNING] 16:29:29:584 KERNEL_EXTRA/(43103:43146): Cliente desconectado!
[WARNING] 16:29:29:584 KERNEL_EXTRA/(43103:43146): El cliente se desconectó del server
[INFO] 16:29:29:584 KERNEL_EXTRA/(43103:43103): Se conecto un cliente!
[INFO] 16:29:29:584 KERNEL_EXTRA/(43103:43147): Recibiendo paquete de instrucciones...
[WARNING] 16:29:29:584 KERNEL_EXTRA/(43103:43147): Cliente desconectado!
[WARNING] 16:29:29:584 KERNEL_EXTRA/(43103:43147): El cliente se desconectó del server
[INFO] 16:29:30:131 KERNEL_EXTRA/(43103:43103): Se conecto un cliente!
[INFO] 16:29:30:131 KERNEL_EXTRA/(43103:43151): Recibido handshake HANDSHAKE_CONSOLA.
[WARNING] 16:29:30:131 KERNEL_EXTRA/(43103:43151): Cliente desconectado!
[WARNING] 16:29:30:131 KERNEL_EXTRA/(43103:43151): El cliente se desconectó del server
[INFO] 16:29:30:131 KERNEL_EXTRA/(43103:43103): Se conecto un cliente!
[INFO] 16:29:30:131 KERNEL_EXTRA/(43103:43152): Recibiendo paquete de instrucciones...
[WARNING] 16:29:30:132 KERNEL_EXTRA/(43103:43152): Cliente desconectado!
[WARNING] 16:29:30:132 KERNEL_EXTRA/(43103:43152): El cliente se desconectó del server
[INFO] 16:29:42:010 KERNEL_EXTRA/(43103:43103): Se conecto un cliente!
[INFO] 16:29:42:010 KERNEL_EXTRA/(43103:43204): Recibido handshake HANDSHAKE_CONSOLA.
[WARNING] 16:29:42:010 KERNEL_EXTRA/(43103:43204): Cliente desconectado!
[WARNING] 16:29:42:010 KERNEL_EXTRA/(43103:43204): El cliente se desconectó del server
[INFO] 16:29:42:010 KERNEL_EXTRA/(43103:43103): Se conecto un cliente!
[INFO] 16:29:42:010 KERNEL_EXTRA/(43103:43205): Recibiendo paquete de instrucciones...
[WARNING] 16:29:42:010 KERNEL_EXTRA/(43103:43205): Cliente desconectado!
[WARNING] 16:29:42:010 KERNEL_EXTRA/(43103:43205): El cliente se desconectó del server
[INFO] 16:29:47:485 KERNEL_EXTRA/(43103:43103): Se conecto un cliente!
[INFO] 16:29:47:485 KERNEL_EXTRA/(43103:43244): Recibido handshake HANDSHAKE_CONSOLA.
[WARNING] 16:29:47:485 KERNEL_EXTRA/(43103:43244): Cliente desconectado!
[WARNING] 16:29:47:485 KERNEL_EXTRA/(43103:43244): El cliente se desconectó del server
[INFO] 16:29:47:485 KERNEL_EXTRA/(43103:43103): Se conecto un cliente!
[INFO] 16:29:47:485 KERNEL_EXTRA/(43103:43245): Recibiendo paquete de instrucciones...
[WARNING] 16:29:47:485 KERNEL_EXTRA/(43103:43245): Cliente desconectado!
[WARNING] 16:29:47:485 KERNEL_EXTRA/(43103:43245): El cliente se desconectó del server
[INFO] 16:29:51:984 KERNEL_EXTRA/(43282:43282): Kernel escuchando conexiones...
[INFO] 16:29:54:399 KERNEL_EXTRA/(43282:43282): Se conecto un cliente!
[INFO] 16:29:54:399 KERNEL_EXTRA/(43282:43317): Recibido handshake HANDSHAKE_CONSOLA.
[WARNING] 16:29:54:399 KERNEL_EXTRA/(43282:43317): Cliente desconectado!
[WARNING] 16:29:54:399 KERNEL_EXTRA/(43282:43317): El cliente se desconectó del server
[INFO] 16:29:54:399 KERNEL_EXTRA/(43282:43282): Se conecto un cliente!
[INFO] 16:29:54:399 KERNEL_EXTRA/(43282:43318): Recibiendo paquete de instrucciones...
[WARNING] 16:29:54:399 KERNEL_EXTRA/(43282:43318): Cliente desconectado!
[WARNING] 16:29:54:400 KERNEL_EXTRA/(43282:43318): El cliente se desconectó del server
[INFO] 16:30:02:077 KERNEL_EXTRA/(43282:43282): Se conecto un cliente!
[INFO] 16:30:02:077 KERNEL_EXTRA/(43282:43372): Recibido handshake HANDSHAKE_CONSOLA.
[WARNING] 16:30:02:077 KERNEL_EXTRA/(43282:43372): Cliente desconectado!
[WARNING] 16:30:02:077 KERNEL_EXTRA/(43282:43372): El cliente se desconectó del server
[INFO] 16:30:02:077 KERNEL_EXTRA/(43282:43282): Se conecto un cliente!
[INFO] 16:30:02:077 KERNEL_EXTRA/(43282:43373): Recibiendo paquete de instrucciones...
[WARNING] 16:30:02:077 KERNEL_EXTRA/(43282:43373): Cliente desconectado!
[WARNING] 16:30:02:077 KERNEL_EXTRA/(43282:43373): El cliente se desconectó del server
[INFO] 16:30:16:601 KERNEL_EXTRA/(43470:43470): Kernel escuchando conexiones...
[INFO] 16:30:47:479 KERNEL_EXTRA/(43532:43532): Kernel escuchando conexiones...
[INFO] 16:31:39:235 KERNEL_EXTRA/(44496:44496): Kernel escuchando conexiones...
[INFO] 16:31:45:992 KERNEL_EXTRA/(44496:44496): Se conecto un cliente!
[INFO] 16:31:45:992 KERNEL_EXTRA/(44496:44545): Recibido handshake HANDSHAKE_CONSOLA.
[WARNING] 16:31:45:992 KERNEL_EXTRA/(44496:44545): Cliente desconectado!
[WARNING] 16:31:45:992 KERNEL_EXTRA/(44496:44545): El cliente se desconectó del server
[INFO] 16:31:45:992 KERNEL_EXTRA/(44496:44496): Se conecto un cliente!
[INFO] 16:31:45:992 KERNEL_EXTRA/(44496:44546): Recibiendo paquete de instrucciones...
[WARNING] 16:31:45:992 KERNEL_EXTRA/(44496:44546): Cliente desconectado!
[WARNING] 16:31:45:992 KERNEL_EXTRA/(44496:44546): El cliente se desconectó del server
