[INFO] 19:19:54:269 KERNEL/(6810:6810): Conexión establecida con Filesystem
[INFO] 19:19:54:275 KERNEL/(6810:6810): Handshake OK
[INFO] 19:19:54:277 KERNEL/(6810:6810): Conexión establecida con CPU
[INFO] 19:19:54:281 KERNEL/(6810:6810): Handshake OK
[INFO] 19:19:54:281 KERNEL/(6810:6810): Conexión establecida con Memoria
[INFO] 19:19:54:285 KERNEL/(6810:6810): Handshake OK
[INFO] 19:19:54:285 KERNEL/(6810:6810): Kernel escuchando conexiones...
[INFO] 19:20:10:061 KERNEL/(6810:6810): Se conecto un cliente!
[INFO] 19:20:10:064 KERNEL/(6810:6943): Recibido handshake HANDSHAKE_CONSOLA.
[WARNING] 19:20:10:067 KERNEL/(6810:6943): Cliente desconectado!
[WARNING] 19:20:10:068 KERNEL/(6810:6943): El cliente se desconecto del server
[INFO] 19:28:57:458 KERNEL/(8204:8204): Conexión establecida con Filesystem
[INFO] 19:28:57:463 KERNEL/(8204:8204): Handshake OK
[INFO] 19:28:57:465 KERNEL/(8204:8204): Conexión establecida con CPU
[INFO] 19:28:57:472 KERNEL/(8204:8204): Handshake OK
[INFO] 19:28:57:472 KERNEL/(8204:8204): Conexión establecida con Memoria
[INFO] 19:28:57:479 KERNEL/(8204:8204): Handshake OK
[INFO] 19:28:57:479 KERNEL/(8204:8204): Kernel escuchando conexiones...
[INFO] 19:29:06:579 KERNEL/(8204:8204): Se conecto un cliente!
[INFO] 19:29:06:588 KERNEL/(8204:8323): Recibido handshake HANDSHAKE_CONSOLA.
[WARNING] 19:29:06:590 KERNEL/(8204:8323): Cliente desconectado!
[WARNING] 19:29:06:591 KERNEL/(8204:8323): El cliente se desconectó del server
