[INFO] 17:22:18:610 CPU/(8826:8826): CPU escuchando conexiones...
[INFO] 17:22:23:068 CPU/(8826:8826): Se conecto un cliente!
[INFO] 17:35:47:859 CPU/(9135:9135): CPU escuchando conexiones...
[INFO] 17:35:50:738 CPU/(9135:9135): Se conecto un cliente!
[INFO] 17:35:59:361 CPU/(9135:9135): Se conecto un cliente!
[INFO] 17:36:00:350 CPU/(9135:9135): Se conecto un cliente!
[INFO] 17:36:01:284 CPU/(9135:9135): Se conecto un cliente!
[INFO] 17:36:02:115 CPU/(9135:9135): Se conecto un cliente!
[INFO] 17:36:29:307 CPU/(9135:9135): Se conecto un cliente!
[INFO] 17:37:07:024 CPU/(9135:9135): Se conecto un cliente!
[INFO] 17:37:51:479 CPU/(9135:9135): Se conecto un cliente!
[INFO] 17:39:55:472 CPU/(9135:9135): Se conecto un cliente!
[INFO] 17:42:24:575 CPU/(9135:9135): Se conecto un cliente!
[INFO] 17:42:52:719 CPU/(9135:9135): Se conecto un cliente!
[INFO] 17:45:29:195 CPU/(9135:9135): Se conecto un cliente!
[INFO] 17:47:47:011 CPU/(9891:9891): CPU escuchando conexiones...
[INFO] 17:47:49:463 CPU/(9891:9891): Se conecto un cliente!
[INFO] 17:48:33:823 CPU/(9914:9914): CPU escuchando conexiones...
[INFO] 17:48:36:102 CPU/(9914:9914): Se conecto un cliente!
[INFO] 17:48:40:406 CPU/(9914:9914): Se conecto un cliente!
[INFO] 17:48:41:067 CPU/(9914:9914): Se conecto un cliente!
[INFO] 17:48:41:788 CPU/(9914:9914): Se conecto un cliente!
[INFO] 17:48:42:536 CPU/(9914:9914): Se conecto un cliente!
[INFO] 17:48:43:202 CPU/(9914:9914): Se conecto un cliente!
[INFO] 17:48:43:875 CPU/(9914:9914): Se conecto un cliente!
[INFO] 17:50:01:305 CPU/(9995:9995): CPU escuchando conexiones...
[INFO] 17:50:03:387 CPU/(9995:9995): Se conecto un cliente!
[INFO] 17:50:23:878 CPU/(10022:10022): CPU escuchando conexiones...
[INFO] 17:50:27:221 CPU/(10022:10022): Se conecto un cliente!
[INFO] 17:50:37:511 CPU/(10022:10022): Se conecto un cliente!
[INFO] 17:51:37:347 CPU/(10068:10068): CPU escuchando conexiones...
[INFO] 17:51:40:038 CPU/(10068:10068): Se conecto un cliente!
[INFO] 17:53:52:577 CPU/(10223:10223): CPU escuchando conexiones...
[INFO] 17:53:56:049 CPU/(10223:10223): Se conecto un cliente!
[INFO] 17:58:16:685 CPU/(10399:10399): CPU escuchando conexiones...
[INFO] 17:58:18:828 CPU/(10399:10399): Se conecto un cliente!
[INFO] 17:59:24:419 CPU/(10447:10447): CPU escuchando conexiones...
[INFO] 17:59:26:463 CPU/(10447:10447): Se conecto un cliente!
[INFO] 18:01:45:624 CPU/(10499:10499): CPU escuchando conexiones...
[INFO] 18:01:49:993 CPU/(10499:10499): Se conecto un cliente!
[INFO] 18:05:58:053 CPU/(11287:11287): CPU escuchando conexiones...
[INFO] 18:06:00:579 CPU/(11287:11287): Se conecto un cliente!
[INFO] 18:07:03:388 CPU/(11764:11764): CPU escuchando conexiones...
[INFO] 18:07:05:815 CPU/(11764:11764): Se conecto un cliente!
[INFO] 18:07:10:447 CPU/(11764:11764): Se conecto un cliente!
[INFO] 18:07:11:119 CPU/(11764:11764): Se conecto un cliente!
[INFO] 18:07:11:791 CPU/(11764:11764): Se conecto un cliente!
[INFO] 18:07:12:519 CPU/(11764:11764): Se conecto un cliente!
[INFO] 18:07:13:239 CPU/(11764:11764): Se conecto un cliente!
[INFO] 18:07:13:894 CPU/(11764:11764): Se conecto un cliente!
[INFO] 18:07:14:800 CPU/(11764:11764): Se conecto un cliente!
[INFO] 18:07:15:522 CPU/(11764:11764): Se conecto un cliente!
[INFO] 18:07:16:147 CPU/(11764:11764): Se conecto un cliente!
[INFO] 18:07:16:746 CPU/(11764:11764): Se conecto un cliente!
[INFO] 18:19:46:277 CPU/(12341:12341): CPU escuchando conexiones...
[INFO] 18:20:25:190 CPU/(12341:12341): Se conecto un cliente!
[ERROR] 18:20:25:190 CPU/(12341:12388): Algo anduvo mal en el server de CPU
[INFO] 18:20:25:190 CPU/(12341:12388): Cop: 368
[INFO] 18:22:46:086 CPU/(12341:12341): Se conecto un cliente!
[ERROR] 18:22:46:086 CPU/(12341:12420): Algo anduvo mal en el server de CPU
[INFO] 18:22:46:086 CPU/(12341:12420): Cop: 368
[INFO] 18:23:02:262 CPU/(12427:12427): CPU escuchando conexiones...
[INFO] 18:23:04:702 CPU/(12427:12427): Se conecto un cliente!
[ERROR] 18:23:04:702 CPU/(12427:12429): Algo anduvo mal en el server de CPU
[INFO] 18:23:04:702 CPU/(12427:12429): Cop: 368
[INFO] 18:24:52:002 CPU/(12500:12500): CPU escuchando conexiones...
[INFO] 18:24:53:854 CPU/(12500:12500): Se conecto un cliente!
[ERROR] 18:24:53:854 CPU/(12500:12502): Algo anduvo mal en el server de CPU
[INFO] 18:24:53:854 CPU/(12500:12502): Cop: 368
[INFO] 18:25:05:327 CPU/(12500:12500): Se conecto un cliente!
[ERROR] 18:25:05:327 CPU/(12500:12524): Algo anduvo mal en el server de CPU
[INFO] 18:25:05:327 CPU/(12500:12524): Cop: 361
[INFO] 18:25:07:097 CPU/(12500:12500): Se conecto un cliente!
[ERROR] 18:25:07:097 CPU/(12500:12526): Algo anduvo mal en el server de CPU
[INFO] 18:25:07:097 CPU/(12500:12526): Cop: 361
[INFO] 18:25:13:571 CPU/(12500:12500): Se conecto un cliente!
[WARNING] 18:25:13:628 CPU/(12500:12541): Cliente desconectado!
[WARNING] 18:25:13:628 CPU/(12500:12541): El cliente se desconectó del server
[INFO] 18:25:16:273 CPU/(12500:12500): Se conecto un cliente!
[WARNING] 18:25:16:331 CPU/(12500:12544): Cliente desconectado!
[WARNING] 18:25:16:332 CPU/(12500:12544): El cliente se desconectó del server
[INFO] 18:25:17:138 CPU/(12500:12500): Se conecto un cliente!
[WARNING] 18:25:17:196 CPU/(12500:12547): Cliente desconectado!
[WARNING] 18:25:17:196 CPU/(12500:12547): El cliente se desconectó del server
[INFO] 18:25:18:100 CPU/(12500:12500): Se conecto un cliente!
[WARNING] 18:25:18:157 CPU/(12500:12550): Cliente desconectado!
[WARNING] 18:25:18:157 CPU/(12500:12550): El cliente se desconectó del server
[INFO] 18:25:32:194 CPU/(12500:12500): Se conecto un cliente!
[WARNING] 18:25:32:251 CPU/(12500:12569): Cliente desconectado!
[WARNING] 18:25:32:251 CPU/(12500:12569): El cliente se desconectó del server
[INFO] 18:25:51:530 CPU/(12500:12500): Se conecto un cliente!
[WARNING] 18:25:51:588 CPU/(12500:12594): Cliente desconectado!
[WARNING] 18:25:51:588 CPU/(12500:12594): El cliente se desconectó del server
[INFO] 18:25:52:835 CPU/(12500:12500): Se conecto un cliente!
[WARNING] 18:25:52:891 CPU/(12500:12597): Cliente desconectado!
[WARNING] 18:25:52:891 CPU/(12500:12597): El cliente se desconectó del server
[INFO] 18:26:02:061 CPU/(12500:12500): Se conecto un cliente!
[ERROR] 18:26:02:063 CPU/(12500:12604): Algo anduvo mal en el server de CPU
[INFO] 18:26:02:064 CPU/(12500:12604): Cop: 360
[INFO] 18:27:50:002 CPU/(12500:12500): Se conecto un cliente!
[ERROR] 18:27:50:004 CPU/(12500:12637): Algo anduvo mal en el server de CPU
[INFO] 18:27:50:004 CPU/(12500:12637): Cop: 360
[INFO] 18:27:53:083 CPU/(12500:12500): Se conecto un cliente!
[ERROR] 18:27:53:083 CPU/(12500:12639): Algo anduvo mal en el server de CPU
[INFO] 18:27:53:083 CPU/(12500:12639): Cop: 360
[INFO] 18:27:55:056 CPU/(12500:12500): Se conecto un cliente!
[ERROR] 18:27:55:056 CPU/(12500:12642): Algo anduvo mal en el server de CPU
[INFO] 18:27:55:056 CPU/(12500:12642): Cop: 360
[INFO] 18:27:55:758 CPU/(12500:12500): Se conecto un cliente!
[ERROR] 18:27:55:758 CPU/(12500:12644): Algo anduvo mal en el server de CPU
[INFO] 18:27:55:758 CPU/(12500:12644): Cop: 360
[INFO] 18:28:24:752 CPU/(12500:12500): Se conecto un cliente!
[INFO] 18:30:28:226 CPU/(13139:13139): CPU escuchando conexiones...
[INFO] 18:30:31:955 CPU/(13139:13139): Se conecto un cliente!
[INFO] 18:36:38:127 CPU/(13139:13139): Se conecto un cliente!
[INFO] 18:36:38:127 CPU/(13139:13883): Recibido handshake HANDSHAKE_KERNEL.
[WARNING] 18:36:38:127 CPU/(13139:13883): Cliente desconectado!
[WARNING] 18:36:38:127 CPU/(13139:13883): El cliente se desconectó del server
[INFO] 18:37:36:825 CPU/(13139:13139): Se conecto un cliente!
[INFO] 18:37:36:825 CPU/(13139:13930): Recibido handshake HANDSHAKE_KERNEL.
[WARNING] 18:37:36:826 CPU/(13139:13930): Cliente desconectado!
[WARNING] 18:37:36:826 CPU/(13139:13930): El cliente se desconectó del server
[INFO] 18:39:12:921 CPU/(13139:13139): Se conecto un cliente!
[INFO] 18:39:12:921 CPU/(13139:14004): Recibido handshake HANDSHAKE_KERNEL.
[WARNING] 18:39:12:921 CPU/(13139:14004): Cliente desconectado!
[WARNING] 18:39:12:921 CPU/(13139:14004): El cliente se desconectó del server
[INFO] 18:42:15:322 CPU/(14155:14155): CPU escuchando conexiones...
[INFO] 18:42:20:009 CPU/(14155:14155): Se conecto un cliente!
[INFO] 18:44:39:907 CPU/(14283:14283): CPU escuchando conexiones...
[INFO] 18:44:42:154 CPU/(14283:14283): Se conecto un cliente!
[INFO] 18:45:09:125 CPU/(14307:14307): CPU escuchando conexiones...
[INFO] 18:45:12:850 CPU/(14307:14307): Se conecto un cliente!
[WARNING] 18:45:12:850 CPU/(14307:14313): El cliente se desconectó del server
[INFO] 18:48:07:584 CPU/(14307:14307): Se conecto un cliente!
[WARNING] 18:48:07:585 CPU/(14307:14406): El cliente se desconectó del server
[INFO] 18:48:10:845 CPU/(14307:14307): Se conecto un cliente!
[WARNING] 18:48:10:845 CPU/(14307:14408): El cliente se desconectó del server
[INFO] 18:48:11:568 CPU/(14307:14307): Se conecto un cliente!
[WARNING] 18:48:11:569 CPU/(14307:14410): El cliente se desconectó del server
[INFO] 18:48:12:491 CPU/(14307:14307): Se conecto un cliente!
[WARNING] 18:48:12:492 CPU/(14307:14412): El cliente se desconectó del server
[INFO] 18:49:03:679 CPU/(14307:14307): Se conecto un cliente!
[WARNING] 18:49:03:680 CPU/(14307:14417): El cliente se desconectó del server
[INFO] 18:49:04:634 CPU/(14307:14307): Se conecto un cliente!
[WARNING] 18:49:04:634 CPU/(14307:14420): El cliente se desconectó del server
[INFO] 18:49:05:354 CPU/(14307:14307): Se conecto un cliente!
[WARNING] 18:49:05:355 CPU/(14307:14422): El cliente se desconectó del server
[INFO] 18:49:06:117 CPU/(14307:14307): Se conecto un cliente!
[WARNING] 18:49:06:117 CPU/(14307:14424): El cliente se desconectó del server
[INFO] 18:49:06:814 CPU/(14307:14307): Se conecto un cliente!
[WARNING] 18:49:06:814 CPU/(14307:14426): El cliente se desconectó del server
[INFO] 18:49:07:569 CPU/(14307:14307): Se conecto un cliente!
[WARNING] 18:49:07:569 CPU/(14307:14428): El cliente se desconectó del server
[INFO] 18:51:14:303 CPU/(14502:14502): CPU escuchando conexiones...
[INFO] 18:51:16:763 CPU/(14502:14502): Se conecto un cliente!
[WARNING] 18:51:16:764 CPU/(14502:14504): Cliente desconectado!
[WARNING] 18:51:16:764 CPU/(14502:14504): El cliente se desconectó del server
[INFO] 18:51:33:009 CPU/(14521:14521): CPU escuchando conexiones...
[INFO] 18:51:34:968 CPU/(14521:14521): Se conecto un cliente!
[INFO] 18:51:55:259 CPU/(14549:14549): CPU escuchando conexiones...
[INFO] 18:51:57:121 CPU/(14549:14549): Se conecto un cliente!
[WARNING] 18:51:57:121 CPU/(14549:14551): Cliente desconectado!
[WARNING] 18:51:57:121 CPU/(14549:14551): El cliente se desconectó del server
[INFO] 18:52:21:830 CPU/(14549:14549): Se conecto un cliente!
[WARNING] 18:52:21:830 CPU/(14549:14561): Cliente desconectado!
[WARNING] 18:52:21:830 CPU/(14549:14561): El cliente se desconectó del server
[INFO] 18:52:22:511 CPU/(14549:14549): Se conecto un cliente!
[WARNING] 18:52:22:511 CPU/(14549:14563): Cliente desconectado!
[WARNING] 18:52:22:511 CPU/(14549:14563): El cliente se desconectó del server
[INFO] 18:52:23:107 CPU/(14549:14549): Se conecto un cliente!
[WARNING] 18:52:23:107 CPU/(14549:14565): Cliente desconectado!
[WARNING] 18:52:23:107 CPU/(14549:14565): El cliente se desconectó del server
[INFO] 18:52:23:691 CPU/(14549:14549): Se conecto un cliente!
[WARNING] 18:52:23:691 CPU/(14549:14567): Cliente desconectado!
[WARNING] 18:52:23:691 CPU/(14549:14567): El cliente se desconectó del server
[INFO] 18:52:24:351 CPU/(14549:14549): Se conecto un cliente!
[WARNING] 18:52:24:351 CPU/(14549:14569): Cliente desconectado!
[WARNING] 18:52:24:351 CPU/(14549:14569): El cliente se desconectó del server
[INFO] 18:52:25:172 CPU/(14549:14549): Se conecto un cliente!
[WARNING] 18:52:25:172 CPU/(14549:14571): Cliente desconectado!
[WARNING] 18:52:25:172 CPU/(14549:14571): El cliente se desconectó del server
[INFO] 18:53:56:394 CPU/(14619:14619): CPU escuchando conexiones...
[INFO] 18:53:59:042 CPU/(14619:14619): Se conecto un cliente!
[WARNING] 18:53:59:042 CPU/(14619:14621): Cliente desconectado!
[WARNING] 18:53:59:042 CPU/(14619:14621): El cliente se desconectó del server
[INFO] 18:53:59:854 CPU/(14619:14619): Se conecto un cliente!
[WARNING] 18:53:59:854 CPU/(14619:14623): Cliente desconectado!
[WARNING] 18:53:59:855 CPU/(14619:14623): El cliente se desconectó del server
[INFO] 18:54:00:420 CPU/(14619:14619): Se conecto un cliente!
[WARNING] 18:54:00:420 CPU/(14619:14625): Cliente desconectado!
[WARNING] 18:54:00:421 CPU/(14619:14625): El cliente se desconectó del server
[INFO] 18:57:55:525 CPU/(14619:14619): Se conecto un cliente!
[WARNING] 18:57:55:526 CPU/(14619:14721): Cliente desconectado!
[WARNING] 18:57:55:526 CPU/(14619:14721): El cliente se desconectó del server
[INFO] 18:57:56:496 CPU/(14619:14619): Se conecto un cliente!
[WARNING] 18:57:56:496 CPU/(14619:14725): Cliente desconectado!
[WARNING] 18:57:56:496 CPU/(14619:14725): El cliente se desconectó del server
[INFO] 18:57:57:308 CPU/(14619:14619): Se conecto un cliente!
[WARNING] 18:57:57:308 CPU/(14619:14727): Cliente desconectado!
[WARNING] 18:57:57:308 CPU/(14619:14727): El cliente se desconectó del server
[INFO] 18:57:58:655 CPU/(14619:14619): Se conecto un cliente!
[WARNING] 18:57:58:655 CPU/(14619:14729): Cliente desconectado!
[WARNING] 18:57:58:655 CPU/(14619:14729): El cliente se desconectó del server
[INFO] 18:58:02:784 CPU/(14619:14619): Se conecto un cliente!
[WARNING] 18:58:02:784 CPU/(14619:14738): Cliente desconectado!
[WARNING] 18:58:02:784 CPU/(14619:14738): El cliente se desconectó del server
[INFO] 18:58:04:591 CPU/(14619:14619): Se conecto un cliente!
[WARNING] 18:58:04:591 CPU/(14619:14740): Cliente desconectado!
[WARNING] 18:58:04:591 CPU/(14619:14740): El cliente se desconectó del server
[INFO] 18:58:05:960 CPU/(14619:14619): Se conecto un cliente!
[WARNING] 18:58:05:960 CPU/(14619:14742): Cliente desconectado!
[WARNING] 18:58:05:960 CPU/(14619:14742): El cliente se desconectó del server
[INFO] 18:58:07:592 CPU/(14619:14619): Se conecto un cliente!
[WARNING] 18:58:07:593 CPU/(14619:14744): Cliente desconectado!
[WARNING] 18:58:07:593 CPU/(14619:14744): El cliente se desconectó del server
[INFO] 19:00:23:051 CPU/(14896:14896): CPU escuchando conexiones...
[INFO] 19:00:26:067 CPU/(14896:14896): Se conecto un cliente!
[WARNING] 19:00:26:067 CPU/(14896:14898): Cliente desconectado!
[WARNING] 19:00:26:067 CPU/(14896:14898): El cliente se desconectó del server
[INFO] 19:00:27:253 CPU/(14896:14896): Se conecto un cliente!
[WARNING] 19:00:27:254 CPU/(14896:14900): Cliente desconectado!
[WARNING] 19:00:27:254 CPU/(14896:14900): El cliente se desconectó del server
[INFO] 19:00:27:878 CPU/(14896:14896): Se conecto un cliente!
[WARNING] 19:00:27:879 CPU/(14896:14902): Cliente desconectado!
[WARNING] 19:00:27:879 CPU/(14896:14902): El cliente se desconectó del server
[INFO] 19:00:28:459 CPU/(14896:14896): Se conecto un cliente!
[WARNING] 19:00:28:459 CPU/(14896:14904): Cliente desconectado!
[WARNING] 19:00:28:459 CPU/(14896:14904): El cliente se desconectó del server
[INFO] 19:00:29:070 CPU/(14896:14896): Se conecto un cliente!
[WARNING] 19:00:29:071 CPU/(14896:14906): Cliente desconectado!
[WARNING] 19:00:29:071 CPU/(14896:14906): El cliente se desconectó del server
[INFO] 19:00:29:656 CPU/(14896:14896): Se conecto un cliente!
[WARNING] 19:00:29:657 CPU/(14896:14908): Cliente desconectado!
[WARNING] 19:00:29:657 CPU/(14896:14908): El cliente se desconectó del server
[INFO] 19:00:30:345 CPU/(14896:14896): Se conecto un cliente!
[WARNING] 19:00:30:345 CPU/(14896:14914): Cliente desconectado!
[WARNING] 19:00:30:345 CPU/(14896:14914): El cliente se desconectó del server
[INFO] 19:00:31:053 CPU/(14896:14896): Se conecto un cliente!
[WARNING] 19:00:31:053 CPU/(14896:14916): Cliente desconectado!
[WARNING] 19:00:31:053 CPU/(14896:14916): El cliente se desconectó del server
[INFO] 19:02:09:612 CPU/(14973:14973): CPU escuchando conexiones...
[INFO] 19:02:11:560 CPU/(14973:14973): Se conecto un cliente!
[WARNING] 19:02:11:560 CPU/(14973:14975): Cliente desconectado!
[WARNING] 19:02:11:560 CPU/(14973:14975): El cliente se desconectó del server
[INFO] 19:02:12:343 CPU/(14973:14973): Se conecto un cliente!
[WARNING] 19:02:12:343 CPU/(14973:14977): Cliente desconectado!
[WARNING] 19:02:12:343 CPU/(14973:14977): El cliente se desconectó del server
[INFO] 19:02:12:961 CPU/(14973:14973): Se conecto un cliente!
[WARNING] 19:02:12:962 CPU/(14973:14979): Cliente desconectado!
[WARNING] 19:02:12:962 CPU/(14973:14979): El cliente se desconectó del server
[INFO] 19:02:13:839 CPU/(14973:14973): Se conecto un cliente!
[WARNING] 19:02:13:839 CPU/(14973:14981): Cliente desconectado!
[WARNING] 19:02:13:839 CPU/(14973:14981): El cliente se desconectó del server
[INFO] 19:02:46:917 CPU/(15012:15012): CPU escuchando conexiones...
[INFO] 19:02:49:467 CPU/(15012:15012): Se conecto un cliente!
[WARNING] 19:02:49:467 CPU/(15012:15014): Cliente desconectado!
[WARNING] 19:02:49:467 CPU/(15012:15014): El cliente se desconectó del server
[INFO] 19:02:50:393 CPU/(15012:15012): Se conecto un cliente!
[WARNING] 19:02:50:393 CPU/(15012:15016): Cliente desconectado!
[WARNING] 19:02:50:393 CPU/(15012:15016): El cliente se desconectó del server
[INFO] 19:04:51:242 CPU/(15062:15062): CPU escuchando conexiones...
[INFO] 19:04:52:783 CPU/(15062:15062): Se conecto un cliente!
[WARNING] 19:04:52:783 CPU/(15062:15064): Cliente desconectado!
[WARNING] 19:04:52:783 CPU/(15062:15064): El cliente se desconectó del server
[INFO] 19:04:53:564 CPU/(15062:15062): Se conecto un cliente!
[WARNING] 19:04:53:564 CPU/(15062:15066): Cliente desconectado!
[WARNING] 19:04:53:564 CPU/(15062:15066): El cliente se desconectó del server
[INFO] 19:04:54:198 CPU/(15062:15062): Se conecto un cliente!
[WARNING] 19:04:54:198 CPU/(15062:15070): Cliente desconectado!
[WARNING] 19:04:54:198 CPU/(15062:15070): El cliente se desconectó del server
[INFO] 19:04:54:797 CPU/(15062:15062): Se conecto un cliente!
[WARNING] 19:04:54:797 CPU/(15062:15072): Cliente desconectado!
[WARNING] 19:04:54:797 CPU/(15062:15072): El cliente se desconectó del server
[INFO] 19:05:03:114 CPU/(15086:15086): CPU escuchando conexiones...
[INFO] 19:05:04:587 CPU/(15086:15086): Se conecto un cliente!
[WARNING] 19:05:04:587 CPU/(15086:15088): Cliente desconectado!
[WARNING] 19:05:04:587 CPU/(15086:15088): El cliente se desconectó del server
[INFO] 19:05:06:233 CPU/(15086:15086): Se conecto un cliente!
[WARNING] 19:05:06:233 CPU/(15086:15090): Cliente desconectado!
[WARNING] 19:05:06:233 CPU/(15086:15090): El cliente se desconectó del server
[INFO] 19:05:57:320 CPU/(15116:15116): CPU escuchando conexiones...
[INFO] 19:05:59:040 CPU/(15116:15116): Se conecto un cliente!
[WARNING] 19:05:59:040 CPU/(15116:15118): Cliente desconectado!
[WARNING] 19:05:59:040 CPU/(15116:15118): El cliente se desconectó del server
[INFO] 19:05:59:779 CPU/(15116:15116): Se conecto un cliente!
[WARNING] 19:05:59:779 CPU/(15116:15120): Cliente desconectado!
[WARNING] 19:05:59:779 CPU/(15116:15120): El cliente se desconectó del server
[INFO] 19:06:00:411 CPU/(15116:15116): Se conecto un cliente!
[WARNING] 19:06:00:411 CPU/(15116:15122): Cliente desconectado!
[WARNING] 19:06:00:411 CPU/(15116:15122): El cliente se desconectó del server
[INFO] 19:06:01:137 CPU/(15116:15116): Se conecto un cliente!
[WARNING] 19:06:01:138 CPU/(15116:15124): Cliente desconectado!
[WARNING] 19:06:01:138 CPU/(15116:15124): El cliente se desconectó del server
[INFO] 19:06:01:830 CPU/(15116:15116): Se conecto un cliente!
[WARNING] 19:06:01:830 CPU/(15116:15126): Cliente desconectado!
[WARNING] 19:06:01:830 CPU/(15116:15126): El cliente se desconectó del server
[INFO] 19:07:52:544 CPU/(15188:15188): CPU escuchando conexiones...
[INFO] 19:07:54:359 CPU/(15188:15188): Se conecto un cliente!
[WARNING] 19:07:54:360 CPU/(15188:15190): Cliente desconectado!
[WARNING] 19:07:54:360 CPU/(15188:15190): El cliente se desconectó del server
[INFO] 19:07:55:417 CPU/(15188:15188): Se conecto un cliente!
[WARNING] 19:07:55:418 CPU/(15188:15193): Cliente desconectado!
[WARNING] 19:07:55:418 CPU/(15188:15193): El cliente se desconectó del server
[INFO] 19:07:56:152 CPU/(15188:15188): Se conecto un cliente!
[WARNING] 19:07:56:152 CPU/(15188:15195): Cliente desconectado!
[WARNING] 19:07:56:152 CPU/(15188:15195): El cliente se desconectó del server
[INFO] 19:08:40:756 CPU/(15188:15188): Se conecto un cliente!
[WARNING] 19:08:40:756 CPU/(15188:15221): Cliente desconectado!
[WARNING] 19:08:40:757 CPU/(15188:15221): El cliente se desconectó del server
[INFO] 19:08:41:557 CPU/(15188:15188): Se conecto un cliente!
[WARNING] 19:08:41:557 CPU/(15188:15223): Cliente desconectado!
[WARNING] 19:08:41:557 CPU/(15188:15223): El cliente se desconectó del server
[INFO] 19:08:42:242 CPU/(15188:15188): Se conecto un cliente!
[WARNING] 19:08:42:242 CPU/(15188:15225): Cliente desconectado!
[WARNING] 19:08:42:242 CPU/(15188:15225): El cliente se desconectó del server
[INFO] 19:08:42:946 CPU/(15188:15188): Se conecto un cliente!
[WARNING] 19:08:42:946 CPU/(15188:15227): Cliente desconectado!
[WARNING] 19:08:42:946 CPU/(15188:15227): El cliente se desconectó del server
[INFO] 19:08:55:081 CPU/(15188:15188): Se conecto un cliente!
[WARNING] 19:08:55:081 CPU/(15188:15246): Cliente desconectado!
[WARNING] 19:08:55:081 CPU/(15188:15246): El cliente se desconectó del server
[INFO] 19:08:55:832 CPU/(15188:15188): Se conecto un cliente!
[WARNING] 19:08:55:832 CPU/(15188:15248): Cliente desconectado!
[WARNING] 19:08:55:832 CPU/(15188:15248): El cliente se desconectó del server
[INFO] 19:08:56:540 CPU/(15188:15188): Se conecto un cliente!
[WARNING] 19:08:56:541 CPU/(15188:15250): Cliente desconectado!
[WARNING] 19:08:56:541 CPU/(15188:15250): El cliente se desconectó del server
[INFO] 19:10:45:898 CPU/(15302:15302): CPU escuchando conexiones...
[INFO] 19:10:47:656 CPU/(15302:15302): Se conecto un cliente!
[WARNING] 19:10:47:656 CPU/(15302:15304): Cliente desconectado!
[WARNING] 19:10:47:657 CPU/(15302:15304): El cliente se desconectó del server
[INFO] 19:10:48:526 CPU/(15302:15302): Se conecto un cliente!
[WARNING] 19:10:48:527 CPU/(15302:15306): Cliente desconectado!
[WARNING] 19:10:48:527 CPU/(15302:15306): El cliente se desconectó del server
[INFO] 19:10:49:237 CPU/(15302:15302): Se conecto un cliente!
[WARNING] 19:10:49:237 CPU/(15302:15308): Cliente desconectado!
[WARNING] 19:10:49:237 CPU/(15302:15308): El cliente se desconectó del server
[INFO] 19:10:49:983 CPU/(15302:15302): Se conecto un cliente!
[WARNING] 19:10:49:983 CPU/(15302:15310): Cliente desconectado!
[WARNING] 19:10:49:983 CPU/(15302:15310): El cliente se desconectó del server
[INFO] 19:11:48:142 CPU/(15348:15348): CPU escuchando conexiones...
[INFO] 19:11:49:675 CPU/(15348:15348): Se conecto un cliente!
[WARNING] 19:11:49:676 CPU/(15348:15350): Cliente desconectado!
[WARNING] 19:11:49:676 CPU/(15348:15350): El cliente se desconectó del server
[INFO] 19:11:50:781 CPU/(15348:15348): Se conecto un cliente!
[WARNING] 19:11:50:781 CPU/(15348:15352): Cliente desconectado!
[WARNING] 19:11:50:781 CPU/(15348:15352): El cliente se desconectó del server
[INFO] 19:11:51:303 CPU/(15348:15348): Se conecto un cliente!
[WARNING] 19:11:51:304 CPU/(15348:15354): Cliente desconectado!
[WARNING] 19:11:51:304 CPU/(15348:15354): El cliente se desconectó del server
[INFO] 19:11:53:039 CPU/(15348:15348): Se conecto un cliente!
[WARNING] 19:11:53:039 CPU/(15348:15356): Cliente desconectado!
[WARNING] 19:11:53:039 CPU/(15348:15356): El cliente se desconectó del server
[INFO] 19:14:23:620 CPU/(15348:15348): Se conecto un cliente!
[WARNING] 19:14:23:620 CPU/(15348:15589): Cliente desconectado!
[WARNING] 19:14:23:620 CPU/(15348:15589): El cliente se desconectó del server
[INFO] 19:14:24:355 CPU/(15348:15348): Se conecto un cliente!
[WARNING] 19:14:24:355 CPU/(15348:15591): Cliente desconectado!
[WARNING] 19:14:24:355 CPU/(15348:15591): El cliente se desconectó del server
[INFO] 19:14:24:945 CPU/(15348:15348): Se conecto un cliente!
[WARNING] 19:14:24:945 CPU/(15348:15593): Cliente desconectado!
[WARNING] 19:14:24:945 CPU/(15348:15593): El cliente se desconectó del server
[INFO] 19:14:25:642 CPU/(15348:15348): Se conecto un cliente!
[WARNING] 19:14:25:642 CPU/(15348:15595): Cliente desconectado!
[WARNING] 19:14:25:643 CPU/(15348:15595): El cliente se desconectó del server
[INFO] 19:17:17:610 CPU/(15348:15348): Se conecto un cliente!
[WARNING] 19:17:17:610 CPU/(15348:15664): Cliente desconectado!
[WARNING] 19:17:17:610 CPU/(15348:15664): El cliente se desconectó del server
[INFO] 19:18:49:702 CPU/(15348:15348): Se conecto un cliente!
[WARNING] 19:18:49:702 CPU/(15348:15713): Cliente desconectado!
[WARNING] 19:18:49:702 CPU/(15348:15713): El cliente se desconectó del server
[INFO] 19:20:08:209 CPU/(15749:15749): CPU escuchando conexiones...
[INFO] 19:20:11:603 CPU/(15749:15749): Se conecto un cliente!
[WARNING] 19:20:11:604 CPU/(15749:15751): Cliente desconectado!
[WARNING] 19:20:11:604 CPU/(15749:15751): El cliente se desconectó del server
[INFO] 19:20:12:835 CPU/(15749:15749): Se conecto un cliente!
[WARNING] 19:20:12:836 CPU/(15749:15753): Cliente desconectado!
[WARNING] 19:20:12:836 CPU/(15749:15753): El cliente se desconectó del server
[INFO] 19:20:13:540 CPU/(15749:15749): Se conecto un cliente!
[WARNING] 19:20:13:540 CPU/(15749:15755): Cliente desconectado!
[WARNING] 19:20:13:540 CPU/(15749:15755): El cliente se desconectó del server
[INFO] 19:20:14:380 CPU/(15749:15749): Se conecto un cliente!
[WARNING] 19:20:14:380 CPU/(15749:15757): Cliente desconectado!
[WARNING] 19:20:14:380 CPU/(15749:15757): El cliente se desconectó del server
[INFO] 19:20:27:616 CPU/(15749:15749): Se conecto un cliente!
[WARNING] 19:20:27:617 CPU/(15749:15759): Cliente desconectado!
[WARNING] 19:20:27:617 CPU/(15749:15759): El cliente se desconectó del server
[INFO] 19:22:24:158 CPU/(15856:15856): CPU escuchando conexiones...
[INFO] 19:22:25:240 CPU/(15856:15856): Se conecto un cliente!
[WARNING] 19:22:25:240 CPU/(15856:15858): Cliente desconectado!
[WARNING] 19:22:25:240 CPU/(15856:15858): El cliente se desconectó del server
[INFO] 19:22:26:251 CPU/(15856:15856): Se conecto un cliente!
[WARNING] 19:22:26:251 CPU/(15856:15860): Cliente desconectado!
[WARNING] 19:22:26:251 CPU/(15856:15860): El cliente se desconectó del server
[INFO] 19:22:26:952 CPU/(15856:15856): Se conecto un cliente!
[WARNING] 19:22:26:953 CPU/(15856:15862): Cliente desconectado!
[WARNING] 19:22:26:953 CPU/(15856:15862): El cliente se desconectó del server
[INFO] 19:22:28:471 CPU/(15856:15856): Se conecto un cliente!
[WARNING] 19:22:28:471 CPU/(15856:15864): Cliente desconectado!
[WARNING] 19:22:28:471 CPU/(15856:15864): El cliente se desconectó del server
[INFO] 19:22:29:270 CPU/(15856:15856): Se conecto un cliente!
[WARNING] 19:22:29:270 CPU/(15856:15866): Cliente desconectado!
[WARNING] 19:22:29:270 CPU/(15856:15866): El cliente se desconectó del server
[INFO] 19:23:05:452 CPU/(15897:15897): CPU escuchando conexiones...
[INFO] 19:23:07:298 CPU/(15897:15897): Se conecto un cliente!
[WARNING] 19:23:07:298 CPU/(15897:15899): Cliente desconectado!
[WARNING] 19:23:07:298 CPU/(15897:15899): El cliente se desconectó del server
[INFO] 19:31:13:023 CPU/(16691:16691): CPU escuchando conexiones...
[INFO] 19:31:15:310 CPU/(16691:16691): Se conecto un cliente!
[WARNING] 19:31:15:310 CPU/(16691:16693): Cliente desconectado!
[WARNING] 19:31:15:310 CPU/(16691:16693): El cliente se desconectó del server
[INFO] 19:31:16:268 CPU/(16691:16691): Se conecto un cliente!
[WARNING] 19:31:16:268 CPU/(16691:16695): Cliente desconectado!
[WARNING] 19:31:16:269 CPU/(16691:16695): El cliente se desconectó del server
[INFO] 19:31:17:016 CPU/(16691:16691): Se conecto un cliente!
[WARNING] 19:31:17:016 CPU/(16691:16697): Cliente desconectado!
[WARNING] 19:31:17:016 CPU/(16691:16697): El cliente se desconectó del server
[INFO] 19:31:17:878 CPU/(16691:16691): Se conecto un cliente!
[WARNING] 19:31:17:878 CPU/(16691:16699): Cliente desconectado!
[WARNING] 19:31:17:878 CPU/(16691:16699): El cliente se desconectó del server
[INFO] 19:31:18:653 CPU/(16691:16691): Se conecto un cliente!
[WARNING] 19:31:18:654 CPU/(16691:16701): Cliente desconectado!
[WARNING] 19:31:18:654 CPU/(16691:16701): El cliente se desconectó del server
[INFO] 19:53:17:221 CPU/(17783:17783): CPU escuchando conexiones...
[INFO] 19:53:20:561 CPU/(17783:17783): Se conecto un cliente!
[WARNING] 19:53:20:561 CPU/(17783:17801): Cliente desconectado!
[WARNING] 19:53:20:561 CPU/(17783:17801): El cliente se desconectó del server
[INFO] 19:55:28:569 CPU/(17861:17861): CPU escuchando conexiones...
[INFO] 19:55:30:006 CPU/(17861:17861): Se conecto un cliente!
[INFO] 19:55:44:012 CPU/(17881:17881): CPU escuchando conexiones...
[INFO] 19:55:46:890 CPU/(17881:17881): Se conecto un cliente!
[INFO] 19:55:58:763 CPU/(17905:17905): CPU escuchando conexiones...
[INFO] 19:56:01:885 CPU/(17905:17905): Se conecto un cliente!
[WARNING] 19:56:01:885 CPU/(17905:17907): Cliente desconectado!
[WARNING] 19:56:01:885 CPU/(17905:17907): El cliente se desconectó del server
[INFO] 19:56:25:115 CPU/(17905:17905): Se conecto un cliente!
[WARNING] 19:56:25:115 CPU/(17905:17924): Cliente desconectado!
[WARNING] 19:56:25:115 CPU/(17905:17924): El cliente se desconectó del server
[INFO] 19:56:25:818 CPU/(17905:17905): Se conecto un cliente!
[WARNING] 19:56:25:818 CPU/(17905:17926): Cliente desconectado!
[WARNING] 19:56:25:818 CPU/(17905:17926): El cliente se desconectó del server
[INFO] 19:56:31:196 CPU/(17934:17934): CPU escuchando conexiones...
[INFO] 19:56:32:770 CPU/(17934:17934): Se conecto un cliente!
[INFO] 19:57:20:328 CPU/(17975:17975): CPU escuchando conexiones...
[INFO] 19:57:23:692 CPU/(17975:17975): Se conecto un cliente!
[INFO] 19:58:13:181 CPU/(18034:18034): CPU escuchando conexiones...
[INFO] 19:58:14:967 CPU/(18034:18034): Se conecto un cliente!
[WARNING] 19:58:14:967 CPU/(18034:18037): Cliente desconectado!
[WARNING] 19:58:14:967 CPU/(18034:18037): El cliente se desconectó del server
[INFO] 19:58:17:266 CPU/(18034:18034): Se conecto un cliente!
[WARNING] 19:58:17:267 CPU/(18034:18039): Cliente desconectado!
[WARNING] 19:58:17:267 CPU/(18034:18039): El cliente se desconectó del server
[INFO] 19:58:18:019 CPU/(18034:18034): Se conecto un cliente!
[WARNING] 19:58:18:019 CPU/(18034:18041): Cliente desconectado!
[WARNING] 19:58:18:019 CPU/(18034:18041): El cliente se desconectó del server
[INFO] 19:58:35:871 CPU/(18066:18066): CPU escuchando conexiones...
[INFO] 19:58:37:585 CPU/(18066:18066): Se conecto un cliente!
[INFO] 20:01:41:857 CPU/(18381:18381): CPU escuchando conexiones...
[INFO] 20:01:44:477 CPU/(18381:18381): Se conecto un cliente!
[WARNING] 20:01:44:477 CPU/(18381:18383): Cliente desconectado!
[WARNING] 20:01:44:477 CPU/(18381:18383): El cliente se desconectó del server
[INFO] 20:01:46:331 CPU/(18381:18381): Se conecto un cliente!
[WARNING] 20:01:46:331 CPU/(18381:18385): Cliente desconectado!
[WARNING] 20:01:46:331 CPU/(18381:18385): El cliente se desconectó del server
[INFO] 20:01:47:302 CPU/(18381:18381): Se conecto un cliente!
[WARNING] 20:01:47:302 CPU/(18381:18387): Cliente desconectado!
[WARNING] 20:01:47:302 CPU/(18381:18387): El cliente se desconectó del server
[INFO] 20:01:48:362 CPU/(18381:18381): Se conecto un cliente!
[WARNING] 20:01:48:362 CPU/(18381:18389): Cliente desconectado!
[WARNING] 20:01:48:362 CPU/(18381:18389): El cliente se desconectó del server
[INFO] 20:03:29:599 CPU/(18381:18381): Se conecto un cliente!
[WARNING] 20:03:29:600 CPU/(18381:18435): Cliente desconectado!
[WARNING] 20:03:29:600 CPU/(18381:18435): El cliente se desconectó del server
[INFO] 20:03:30:782 CPU/(18381:18381): Se conecto un cliente!
[WARNING] 20:03:30:782 CPU/(18381:18437): Cliente desconectado!
[WARNING] 20:03:30:782 CPU/(18381:18437): El cliente se desconectó del server
[INFO] 20:03:31:514 CPU/(18381:18381): Se conecto un cliente!
[WARNING] 20:03:31:515 CPU/(18381:18439): Cliente desconectado!
[WARNING] 20:03:31:515 CPU/(18381:18439): El cliente se desconectó del server
[INFO] 20:03:32:259 CPU/(18381:18381): Se conecto un cliente!
[WARNING] 20:03:32:260 CPU/(18381:18441): Cliente desconectado!
[WARNING] 20:03:32:260 CPU/(18381:18441): El cliente se desconectó del server
[INFO] 20:03:33:028 CPU/(18381:18381): Se conecto un cliente!
[WARNING] 20:03:33:029 CPU/(18381:18443): Cliente desconectado!
[WARNING] 20:03:33:029 CPU/(18381:18443): El cliente se desconectó del server
[INFO] 20:07:39:060 CPU/(18563:18563): CPU escuchando conexiones...
[INFO] 20:07:41:817 CPU/(18563:18563): Se conecto un cliente!
[WARNING] 20:07:41:818 CPU/(18563:18565): Cliente desconectado!
[WARNING] 20:07:41:818 CPU/(18563:18565): El cliente se desconectó del server
[INFO] 20:08:54:323 CPU/(18604:18604): CPU escuchando conexiones...
[INFO] 20:08:58:106 CPU/(18604:18604): Se conecto un cliente!
[WARNING] 20:08:58:107 CPU/(18604:18609): Cliente desconectado!
[WARNING] 20:08:58:107 CPU/(18604:18609): El cliente se desconectó del server
[INFO] 20:08:59:171 CPU/(18604:18604): Se conecto un cliente!
[WARNING] 20:08:59:172 CPU/(18604:18611): Cliente desconectado!
[WARNING] 20:08:59:172 CPU/(18604:18611): El cliente se desconectó del server
[INFO] 20:12:33:875 CPU/(18799:18799): CPU escuchando conexiones...
[INFO] 20:12:36:749 CPU/(18799:18799): Se conecto un cliente!
[WARNING] 20:12:36:749 CPU/(18799:18801): Cliente desconectado!
[WARNING] 20:12:36:749 CPU/(18799:18801): El cliente se desconectó del server
[INFO] 20:15:01:176 CPU/(18799:18799): Se conecto un cliente!
[WARNING] 20:15:01:177 CPU/(18799:18853): Cliente desconectado!
[WARNING] 20:15:01:177 CPU/(18799:18853): El cliente se desconectó del server
[INFO] 20:15:02:376 CPU/(18799:18799): Se conecto un cliente!
[WARNING] 20:15:02:376 CPU/(18799:18855): Cliente desconectado!
[WARNING] 20:15:02:376 CPU/(18799:18855): El cliente se desconectó del server
[INFO] 20:15:03:268 CPU/(18799:18799): Se conecto un cliente!
[WARNING] 20:15:03:268 CPU/(18799:18857): Cliente desconectado!
[WARNING] 20:15:03:268 CPU/(18799:18857): El cliente se desconectó del server
[INFO] 20:15:52:569 CPU/(18888:18888): CPU escuchando conexiones...
[INFO] 20:15:54:239 CPU/(18888:18888): Se conecto un cliente!
[WARNING] 20:15:54:240 CPU/(18888:18890): Cliente desconectado!
[WARNING] 20:15:54:240 CPU/(18888:18890): El cliente se desconectó del server
[INFO] 20:15:56:373 CPU/(18888:18888): Se conecto un cliente!
[WARNING] 20:15:56:374 CPU/(18888:18892): Cliente desconectado!
[WARNING] 20:15:56:374 CPU/(18888:18892): El cliente se desconectó del server
[INFO] 20:16:51:886 CPU/(18888:18888): Se conecto un cliente!
[WARNING] 20:16:51:886 CPU/(18888:19066): Cliente desconectado!
[WARNING] 20:16:51:886 CPU/(18888:19066): El cliente se desconectó del server
[INFO] 20:18:38:245 CPU/(19118:19118): CPU escuchando conexiones...
[INFO] 20:18:40:327 CPU/(19118:19118): Se conecto un cliente!
[WARNING] 20:18:40:327 CPU/(19118:19120): Cliente desconectado!
[WARNING] 20:18:40:328 CPU/(19118:19120): El cliente se desconectó del server
[INFO] 20:19:07:478 CPU/(19146:19146): CPU escuchando conexiones...
[INFO] 20:19:09:844 CPU/(19146:19146): Se conecto un cliente!
[WARNING] 20:19:09:844 CPU/(19146:19148): Cliente desconectado!
[WARNING] 20:19:09:844 CPU/(19146:19148): El cliente se desconectó del server
[INFO] 20:19:11:294 CPU/(19146:19146): Se conecto un cliente!
[WARNING] 20:19:11:294 CPU/(19146:19150): Cliente desconectado!
[WARNING] 20:19:11:294 CPU/(19146:19150): El cliente se desconectó del server
[INFO] 20:19:12:184 CPU/(19146:19146): Se conecto un cliente!
[WARNING] 20:19:12:184 CPU/(19146:19152): Cliente desconectado!
[WARNING] 20:19:12:184 CPU/(19146:19152): El cliente se desconectó del server
[INFO] 20:19:13:114 CPU/(19146:19146): Se conecto un cliente!
[WARNING] 20:19:13:114 CPU/(19146:19154): Cliente desconectado!
[WARNING] 20:19:13:114 CPU/(19146:19154): El cliente se desconectó del server
[INFO] 20:19:13:978 CPU/(19146:19146): Se conecto un cliente!
[WARNING] 20:19:13:978 CPU/(19146:19156): Cliente desconectado!
[WARNING] 20:19:13:978 CPU/(19146:19156): El cliente se desconectó del server
[INFO] 20:21:13:130 CPU/(19215:19215): CPU escuchando conexiones...
[INFO] 20:21:14:872 CPU/(19215:19215): Se conecto un cliente!
[WARNING] 20:21:14:873 CPU/(19215:19217): Cliente desconectado!
[WARNING] 20:21:14:873 CPU/(19215:19217): El cliente se desconectó del server
[INFO] 20:21:17:174 CPU/(19215:19215): Se conecto un cliente!
[WARNING] 20:21:17:175 CPU/(19215:19219): Cliente desconectado!
[WARNING] 20:21:17:175 CPU/(19215:19219): El cliente se desconectó del server
[INFO] 20:21:18:136 CPU/(19215:19215): Se conecto un cliente!
[WARNING] 20:21:18:137 CPU/(19215:19221): Cliente desconectado!
[WARNING] 20:21:18:137 CPU/(19215:19221): El cliente se desconectó del server
[INFO] 20:21:19:133 CPU/(19215:19215): Se conecto un cliente!
[WARNING] 20:21:19:134 CPU/(19215:19223): Cliente desconectado!
[WARNING] 20:21:19:134 CPU/(19215:19223): El cliente se desconectó del server
[INFO] 20:21:20:052 CPU/(19215:19215): Se conecto un cliente!
[WARNING] 20:21:20:052 CPU/(19215:19225): Cliente desconectado!
[WARNING] 20:21:20:052 CPU/(19215:19225): El cliente se desconectó del server
[INFO] 20:21:20:957 CPU/(19215:19215): Se conecto un cliente!
[WARNING] 20:21:20:958 CPU/(19215:19227): Cliente desconectado!
[WARNING] 20:21:20:958 CPU/(19215:19227): El cliente se desconectó del server
[INFO] 20:21:21:830 CPU/(19215:19215): Se conecto un cliente!
[WARNING] 20:21:21:831 CPU/(19215:19229): Cliente desconectado!
[WARNING] 20:21:21:831 CPU/(19215:19229): El cliente se desconectó del server
[INFO] 20:21:22:530 CPU/(19215:19215): Se conecto un cliente!
[WARNING] 20:21:22:531 CPU/(19215:19231): Cliente desconectado!
[WARNING] 20:21:22:531 CPU/(19215:19231): El cliente se desconectó del server
[INFO] 20:21:23:234 CPU/(19215:19215): Se conecto un cliente!
[WARNING] 20:21:23:234 CPU/(19215:19233): Cliente desconectado!
[WARNING] 20:21:23:234 CPU/(19215:19233): El cliente se desconectó del server
[INFO] 20:21:23:924 CPU/(19215:19215): Se conecto un cliente!
[WARNING] 20:21:23:925 CPU/(19215:19236): Cliente desconectado!
[WARNING] 20:21:23:925 CPU/(19215:19236): El cliente se desconectó del server
[INFO] 20:22:25:106 CPU/(19284:19284): CPU escuchando conexiones...
[INFO] 20:22:28:047 CPU/(19284:19284): Se conecto un cliente!
[WARNING] 20:22:28:047 CPU/(19284:19286): Cliente desconectado!
[WARNING] 20:22:28:048 CPU/(19284:19286): El cliente se desconectó del server
[INFO] 20:22:45:420 CPU/(19284:19284): Se conecto un cliente!
[WARNING] 20:22:45:421 CPU/(19284:19298): Cliente desconectado!
[WARNING] 20:22:45:421 CPU/(19284:19298): El cliente se desconectó del server
[INFO] 19:17:29:501 CPU/(8175:8175): CPU escuchando conexiones...
[INFO] 19:17:34:187 CPU/(8175:8175): Se conecto un cliente!
[INFO] 19:17:34:193 CPU/(8175:8209): Recibido handshake HANDSHAKE_KERNEL.
[WARNING] 19:17:34:195 CPU/(8175:8209): Cliente desconectado!
[WARNING] 19:17:34:195 CPU/(8175:8209): El cliente se desconectó del server
[INFO] 19:17:42:172 CPU/(8175:8175): Se conecto un cliente!
[ERROR] 19:17:42:175 CPU/(8175:8279): La intrucción no es válida.
[WARNING] 19:17:42:576 CPU/(8175:8279): Cliente desconectado!
[WARNING] 19:17:42:576 CPU/(8175:8279): El cliente se desconectó del server
[INFO] 19:18:12:339 CPU/(8175:8175): Se conecto un cliente!
[INFO] 19:18:12:345 CPU/(8175:8428): Recibido handshake HANDSHAKE_KERNEL.
[WARNING] 19:18:12:346 CPU/(8175:8428): Cliente desconectado!
[WARNING] 19:18:12:347 CPU/(8175:8428): El cliente se desconectó del server
[INFO] 19:24:40:409 CPU/(8175:8175): Se conecto un cliente!
[INFO] 19:24:40:410 CPU/(8175:9125): Recibido handshake HANDSHAKE_KERNEL.
[WARNING] 19:24:40:412 CPU/(8175:9125): Cliente desconectado!
[WARNING] 19:24:40:413 CPU/(8175:9125): El cliente se desconectó del server
[INFO] 19:24:44:930 CPU/(8175:8175): Se conecto un cliente!
[WARNING] 19:24:45:131 CPU/(8175:9167): Cliente desconectado!
[WARNING] 19:24:45:134 CPU/(8175:9167): El cliente se desconectó del server
[INFO] 19:26:43:892 CPU/(8175:8175): Se conecto un cliente!
[INFO] 19:26:43:897 CPU/(8175:9267): Recibido handshake HANDSHAKE_KERNEL.
[WARNING] 19:26:43:898 CPU/(8175:9267): Cliente desconectado!
[WARNING] 19:26:43:899 CPU/(8175:9267): El cliente se desconectó del server
[INFO] 19:26:47:643 CPU/(8175:8175): Se conecto un cliente!
[WARNING] 19:26:47:839 CPU/(8175:9320): Cliente desconectado!
[WARNING] 19:26:47:839 CPU/(8175:9320): El cliente se desconectó del server
[INFO] 19:28:12:288 CPU/(8175:8175): Se conecto un cliente!
[INFO] 19:28:12:291 CPU/(8175:9488): Recibido handshake HANDSHAKE_KERNEL.
[WARNING] 19:28:12:293 CPU/(8175:9488): Cliente desconectado!
[WARNING] 19:28:12:294 CPU/(8175:9488): El cliente se desconectó del server
[INFO] 19:28:14:823 CPU/(8175:8175): Se conecto un cliente!
[WARNING] 19:28:15:066 CPU/(8175:9529): Cliente desconectado!
[WARNING] 19:28:15:067 CPU/(8175:9529): El cliente se desconectó del server
[INFO] 19:28:45:964 CPU/(8175:8175): Se conecto un cliente!
[ERROR] 19:28:45:968 CPU/(8175:9653): La intrucción no es válida.
[INFO] 19:29:24:310 CPU/(9808:9808): CPU escuchando conexiones...
[INFO] 19:34:09:078 CPU/(10542:10542): CPU escuchando conexiones...
[INFO] 19:34:17:956 CPU/(10608:10608): CPU escuchando conexiones...
[INFO] 19:34:21:712 CPU/(10608:10608): Se conecto un cliente!
[INFO] 19:35:58:239 CPU/(10898:10898): CPU escuchando conexiones...
[INFO] 19:36:01:844 CPU/(10898:10898): Se conecto un cliente!
[INFO] 19:36:44:161 CPU/(11036:11036): CPU escuchando conexiones...
[INFO] 19:36:48:799 CPU/(11036:11036): Se conecto un cliente!
[INFO] 19:37:21:417 CPU/(11195:11195): CPU escuchando conexiones...
[INFO] 19:37:25:730 CPU/(11195:11195): Se conecto un cliente!
[INFO] 19:37:33:851 CPU/(11288:11288): CPU escuchando conexiones...
[INFO] 19:37:36:079 CPU/(11288:11288): Se conecto un cliente!
[INFO] 19:38:02:563 CPU/(11367:11367): CPU escuchando conexiones...
[INFO] 19:38:05:218 CPU/(11367:11367): Se conecto un cliente!
[WARNING] 19:38:05:222 CPU/(11367:11390): Cliente desconectado!
[WARNING] 19:38:05:222 CPU/(11367:11390): El cliente se desconectó del server
[INFO] 19:39:44:260 CPU/(11561:11561): CPU escuchando conexiones...
[INFO] 19:39:47:242 CPU/(11561:11561): Se conecto un cliente!
[WARNING] 19:39:47:249 CPU/(11561:11578): Cliente desconectado!
[WARNING] 19:39:47:249 CPU/(11561:11578): El cliente se desconectó del server
[INFO] 19:40:01:874 CPU/(11681:11681): CPU escuchando conexiones...
[INFO] 19:40:04:447 CPU/(11681:11681): Se conecto un cliente!
[WARNING] 19:40:04:449 CPU/(11681:11707): Cliente desconectado!
[WARNING] 19:40:04:449 CPU/(11681:11707): El cliente se desconectó del server
[INFO] 19:40:23:327 CPU/(11799:11799): CPU escuchando conexiones...
[INFO] 19:40:26:075 CPU/(11799:11799): Se conecto un cliente!
[WARNING] 19:40:26:079 CPU/(11799:11822): Cliente desconectado!
[WARNING] 19:40:26:081 CPU/(11799:11822): El cliente se desconectó del server
[INFO] 19:40:38:966 CPU/(11799:11799): Se conecto un cliente!
[WARNING] 19:40:38:971 CPU/(11799:11878): Cliente desconectado!
[WARNING] 19:40:38:972 CPU/(11799:11878): El cliente se desconectó del server
[INFO] 19:40:42:776 CPU/(11906:11906): CPU escuchando conexiones...
[INFO] 19:40:46:655 CPU/(11946:11946): CPU escuchando conexiones...
[INFO] 19:40:50:914 CPU/(11946:11946): Se conecto un cliente!
[INFO] 19:41:30:232 CPU/(12070:12070): CPU escuchando conexiones...
[INFO] 19:41:32:923 CPU/(12070:12070): Se conecto un cliente!
[WARNING] 19:41:32:928 CPU/(12070:12094): Cliente desconectado!
[WARNING] 19:41:32:928 CPU/(12070:12094): El cliente se desconectó del server
[INFO] 19:41:53:783 CPU/(12189:12189): CPU escuchando conexiones...
[INFO] 19:41:56:687 CPU/(12189:12189): Se conecto un cliente!
[INFO] 19:42:11:050 CPU/(12289:12289): CPU escuchando conexiones...
[INFO] 19:42:13:307 CPU/(12289:12289): Se conecto un cliente!
[INFO] 19:42:26:874 CPU/(12396:12396): CPU escuchando conexiones...
[INFO] 19:42:31:478 CPU/(12396:12396): Se conecto un cliente!
[INFO] 19:43:34:232 CPU/(12566:12566): CPU escuchando conexiones...
[INFO] 19:43:38:511 CPU/(12566:12566): Se conecto un cliente!
[INFO] 19:44:36:137 CPU/(12767:12767): CPU escuchando conexiones...
[INFO] 19:44:39:830 CPU/(12767:12767): Se conecto un cliente!
[INFO] 19:46:44:163 CPU/(13105:13105): CPU escuchando conexiones...
[INFO] 19:46:54:902 CPU/(13105:13105): Se conecto un cliente!
[INFO] 19:46:54:909 CPU/(13105:13190): Recibido handshake HANDSHAKE_KERNEL.
[WARNING] 19:46:54:910 CPU/(13105:13190): Cliente desconectado!
[WARNING] 19:46:54:911 CPU/(13105:13190): El cliente se desconectó del server
[INFO] 19:47:39:807 CPU/(13105:13105): Se conecto un cliente!
[INFO] 19:48:03:513 CPU/(13501:13501): CPU escuchando conexiones...
[INFO] 19:48:06:981 CPU/(13501:13501): Se conecto un cliente!
[INFO] 19:50:18:741 CPU/(13750:13750): CPU escuchando conexiones...
[INFO] 19:50:26:745 CPU/(13750:13750): Se conecto un cliente!
[INFO] 19:50:57:696 CPU/(13884:13884): CPU escuchando conexiones...
[INFO] 19:51:01:742 CPU/(13884:13884): Se conecto un cliente!
[INFO] 16:54:29:827 CPU/(18977:18977): CPU escuchando conexiones...
[INFO] 16:54:44:143 CPU/(18977:18977): Se conecto un cliente!
[INFO] 16:55:12:956 CPU/(19184:19184): CPU escuchando conexiones...
[INFO] 16:55:15:811 CPU/(19184:19184): Se conecto un cliente!
[INFO] 16:55:24:564 CPU/(19250:19250): CPU escuchando conexiones...
[INFO] 16:55:27:397 CPU/(19250:19250): Se conecto un cliente!
[INFO] 16:55:43:886 CPU/(19367:19367): CPU escuchando conexiones...
[INFO] 16:55:47:797 CPU/(19367:19367): Se conecto un cliente!
[INFO] 16:56:30:525 CPU/(19485:19485): CPU escuchando conexiones...
[INFO] 16:56:33:598 CPU/(19485:19485): Se conecto un cliente!
[INFO] 16:56:42:369 CPU/(19566:19566): CPU escuchando conexiones...
[INFO] 16:56:45:295 CPU/(19566:19566): Se conecto un cliente!
[INFO] 16:56:57:876 CPU/(19648:19648): CPU escuchando conexiones...
[INFO] 16:57:00:229 CPU/(19648:19648): Se conecto un cliente!
[WARNING] 16:57:00:229 CPU/(19648:19666): Cliente desconectado!
[WARNING] 16:57:00:230 CPU/(19648:19666): El cliente se desconectó del server
[INFO] 16:57:21:194 CPU/(19729:19729): CPU escuchando conexiones...
[INFO] 16:57:23:636 CPU/(19729:19729): Se conecto un cliente!
[INFO] 16:57:50:533 CPU/(19823:19823): CPU escuchando conexiones...
[INFO] 16:57:53:792 CPU/(19823:19823): Se conecto un cliente!
[INFO] 16:58:17:366 CPU/(19966:19966): CPU escuchando conexiones...
[INFO] 16:58:20:541 CPU/(19966:19966): Se conecto un cliente!
[INFO] 16:58:44:443 CPU/(20092:20092): CPU escuchando conexiones...
[INFO] 16:58:47:816 CPU/(20092:20092): Se conecto un cliente!
[INFO] 16:59:39:697 CPU/(20325:20325): CPU escuchando conexiones...
[INFO] 16:59:44:277 CPU/(20354:20354): CPU escuchando conexiones...
[INFO] 16:59:47:229 CPU/(20354:20354): Se conecto un cliente!
[INFO] 17:00:04:771 CPU/(20444:20444): CPU escuchando conexiones...
[INFO] 17:00:07:164 CPU/(20444:20444): Se conecto un cliente!
[INFO] 17:00:18:748 CPU/(20533:20533): CPU escuchando conexiones...
[INFO] 17:00:22:463 CPU/(20533:20533): Se conecto un cliente!
[INFO] 17:01:00:108 CPU/(20663:20663): CPU escuchando conexiones...
[INFO] 17:01:02:565 CPU/(20663:20663): Se conecto un cliente!
[INFO] 17:01:33:680 CPU/(20756:20756): CPU escuchando conexiones...
[INFO] 17:01:39:673 CPU/(20756:20756): Se conecto un cliente!
[INFO] 17:03:01:242 CPU/(20966:20966): CPU escuchando conexiones...
[INFO] 17:03:03:699 CPU/(20966:20966): Se conecto un cliente!
[INFO] 17:03:26:444 CPU/(21059:21059): CPU escuchando conexiones...
[INFO] 17:03:28:869 CPU/(21059:21059): Se conecto un cliente!
[INFO] 17:04:32:178 CPU/(21207:21207): CPU escuchando conexiones...
[INFO] 17:04:34:545 CPU/(21207:21207): Se conecto un cliente!
[INFO] 17:05:00:375 CPU/(21294:21294): CPU escuchando conexiones...
[INFO] 17:05:03:402 CPU/(21294:21294): Se conecto un cliente!
[INFO] 17:05:47:133 CPU/(21393:21393): CPU escuchando conexiones...
[INFO] 17:05:50:006 CPU/(21393:21393): Se conecto un cliente!
[WARNING] 17:05:50:006 CPU/(21393:21414): Cliente desconectado!
[WARNING] 17:05:50:006 CPU/(21393:21414): El cliente se desconectó del server
[INFO] 17:07:32:116 CPU/(21580:21580): CPU escuchando conexiones...
[INFO] 17:07:34:327 CPU/(21580:21580): Se conecto un cliente!
[WARNING] 17:07:34:328 CPU/(21580:21599): Cliente desconectado!
[WARNING] 17:07:34:328 CPU/(21580:21599): El cliente se desconectó del server
[INFO] 17:08:21:356 CPU/(21722:21722): CPU escuchando conexiones...
[INFO] 17:08:25:161 CPU/(21722:21722): Se conecto un cliente!
[WARNING] 17:08:25:161 CPU/(21722:21746): Cliente desconectado!
[WARNING] 17:08:25:161 CPU/(21722:21746): El cliente se desconectó del server
[INFO] 17:09:00:599 CPU/(21722:21722): Se conecto un cliente!
[INFO] 17:09:00:599 CPU/(21722:21899): Recibido handshake HANDSHAKE_KERNEL.
[WARNING] 17:09:00:599 CPU/(21722:21899): Cliente desconectado!
[WARNING] 17:09:00:599 CPU/(21722:21899): El cliente se desconectó del server
[INFO] 17:09:54:150 CPU/(21722:21722): Se conecto un cliente!
[INFO] 17:09:54:150 CPU/(21722:22155): Recibido handshake HANDSHAKE_KERNEL.
[WARNING] 17:09:54:150 CPU/(21722:22155): Cliente desconectado!
[WARNING] 17:09:54:150 CPU/(21722:22155): El cliente se desconectó del server
[INFO] 17:10:48:918 CPU/(21722:21722): Se conecto un cliente!
[INFO] 17:10:48:918 CPU/(21722:22287): Recibido handshake HANDSHAKE_KERNEL.
[WARNING] 17:10:48:918 CPU/(21722:22287): Cliente desconectado!
[WARNING] 17:10:48:918 CPU/(21722:22287): El cliente se desconectó del server
[INFO] 17:10:54:981 CPU/(21722:21722): Se conecto un cliente!
[WARNING] 17:10:55:058 CPU/(21722:22348): Cliente desconectado!
[WARNING] 17:10:55:058 CPU/(21722:22348): El cliente se desconectó del server
[INFO] 17:12:30:783 CPU/(21722:21722): Se conecto un cliente!
[INFO] 17:12:30:814 CPU/(21722:22475): Recibido handshake HANDSHAKE_KERNEL.
[WARNING] 17:12:30:815 CPU/(21722:22475): Cliente desconectado!
[WARNING] 17:12:30:815 CPU/(21722:22475): El cliente se desconectó del server
[INFO] 17:12:44:868 CPU/(21722:21722): Se conecto un cliente!
[INFO] 17:12:44:868 CPU/(21722:22591): Recibido handshake HANDSHAKE_KERNEL.
[WARNING] 17:12:44:868 CPU/(21722:22591): Cliente desconectado!
[WARNING] 17:12:44:868 CPU/(21722:22591): El cliente se desconectó del server
[INFO] 17:12:50:086 CPU/(21722:21722): Se conecto un cliente!
[WARNING] 17:12:50:156 CPU/(21722:22650): Cliente desconectado!
[WARNING] 17:12:50:156 CPU/(21722:22650): El cliente se desconectó del server
[INFO] 17:14:17:649 CPU/(21722:21722): Se conecto un cliente!
[INFO] 17:14:17:649 CPU/(21722:22851): Recibido handshake HANDSHAKE_KERNEL.
[WARNING] 17:14:17:650 CPU/(21722:22851): Cliente desconectado!
[WARNING] 17:14:17:650 CPU/(21722:22851): El cliente se desconectó del server
[INFO] 17:14:34:247 CPU/(21722:21722): Se conecto un cliente!
[INFO] 17:14:34:247 CPU/(21722:22953): Recibido handshake HANDSHAKE_KERNEL.
[WARNING] 17:14:34:247 CPU/(21722:22953): Cliente desconectado!
[WARNING] 17:14:34:247 CPU/(21722:22953): El cliente se desconectó del server
[INFO] 17:17:17:211 CPU/(21722:21722): Se conecto un cliente!
[INFO] 17:17:17:211 CPU/(21722:23117): Recibido handshake HANDSHAKE_KERNEL.
[WARNING] 17:17:17:211 CPU/(21722:23117): Cliente desconectado!
[WARNING] 17:17:17:211 CPU/(21722:23117): El cliente se desconectó del server
[INFO] 17:17:29:222 CPU/(21722:21722): Se conecto un cliente!
[INFO] 17:17:29:222 CPU/(21722:23241): Recibido handshake HANDSHAKE_KERNEL.
[WARNING] 17:17:29:222 CPU/(21722:23241): Cliente desconectado!
[WARNING] 17:17:29:222 CPU/(21722:23241): El cliente se desconectó del server
[INFO] 17:17:32:817 CPU/(21722:21722): Se conecto un cliente!
[WARNING] 17:17:32:891 CPU/(21722:23278): Cliente desconectado!
[WARNING] 17:17:32:892 CPU/(21722:23278): El cliente se desconectó del server
[INFO] 17:18:34:778 CPU/(21722:21722): Se conecto un cliente!
[WARNING] 17:18:34:779 CPU/(21722:23378): Cliente desconectado!
[WARNING] 17:18:34:779 CPU/(21722:23378): El cliente se desconectó del server
[INFO] 17:19:15:743 CPU/(21722:21722): Se conecto un cliente!
[WARNING] 17:19:15:744 CPU/(21722:23457): Cliente desconectado!
[WARNING] 17:19:15:744 CPU/(21722:23457): El cliente se desconectó del server
[INFO] 17:20:34:041 CPU/(21722:21722): Se conecto un cliente!
[INFO] 17:20:34:041 CPU/(21722:23603): Recibido handshake HANDSHAKE_KERNEL.
[WARNING] 17:20:34:042 CPU/(21722:23603): Cliente desconectado!
[WARNING] 17:20:34:042 CPU/(21722:23603): El cliente se desconectó del server
[INFO] 17:20:37:316 CPU/(21722:21722): Se conecto un cliente!
[INFO] 17:20:37:316 CPU/(21722:21722): Se conecto un cliente!
[WARNING] 17:20:37:388 CPU/(21722:23640): Cliente desconectado!
[WARNING] 17:20:37:388 CPU/(21722:23639): Cliente desconectado!
[WARNING] 17:20:37:388 CPU/(21722:23640): El cliente se desconectó del server
[WARNING] 17:20:37:388 CPU/(21722:23639): El cliente se desconectó del server
[INFO] 17:24:34:260 CPU/(21722:21722): Se conecto un cliente!
[INFO] 17:24:34:260 CPU/(21722:23893): Recibido handshake HANDSHAKE_KERNEL.
[WARNING] 17:24:34:260 CPU/(21722:23893): Cliente desconectado!
[WARNING] 17:24:34:260 CPU/(21722:23893): El cliente se desconectó del server
[INFO] 17:24:38:712 CPU/(21722:21722): Se conecto un cliente!
[INFO] 17:24:38:713 CPU/(21722:21722): Se conecto un cliente!
[WARNING] 17:24:38:788 CPU/(21722:23931): Cliente desconectado!
[WARNING] 17:24:38:788 CPU/(21722:23932): Cliente desconectado!
[WARNING] 17:24:38:788 CPU/(21722:23932): El cliente se desconectó del server
[WARNING] 17:24:38:788 CPU/(21722:23931): El cliente se desconectó del server
[INFO] 17:24:49:130 CPU/(21722:21722): Se conecto un cliente!
[INFO] 17:24:49:130 CPU/(21722:24018): Recibido handshake HANDSHAKE_KERNEL.
[WARNING] 17:24:49:130 CPU/(21722:24018): Cliente desconectado!
[WARNING] 17:24:49:130 CPU/(21722:24018): El cliente se desconectó del server
[INFO] 17:24:52:970 CPU/(21722:21722): Se conecto un cliente!
[INFO] 17:24:52:970 CPU/(21722:21722): Se conecto un cliente!
[WARNING] 17:24:53:044 CPU/(21722:24056): Cliente desconectado!
[WARNING] 17:24:53:044 CPU/(21722:24056): El cliente se desconectó del server
[WARNING] 17:24:53:044 CPU/(21722:24055): Cliente desconectado!
[WARNING] 17:24:53:044 CPU/(21722:24055): El cliente se desconectó del server
[INFO] 17:25:37:924 CPU/(21722:21722): Se conecto un cliente!
[INFO] 17:25:37:924 CPU/(21722:24185): Recibido handshake HANDSHAKE_KERNEL.
[WARNING] 17:25:37:924 CPU/(21722:24185): Cliente desconectado!
[WARNING] 17:25:37:924 CPU/(21722:24185): El cliente se desconectó del server
[INFO] 17:25:40:553 CPU/(21722:21722): Se conecto un cliente!
[INFO] 17:25:40:553 CPU/(21722:21722): Se conecto un cliente!
[INFO] 17:25:41:093 CPU/(21722:21722): Se conecto un cliente!
[INFO] 17:25:41:093 CPU/(21722:21722): Se conecto un cliente!
[INFO] 17:25:41:612 CPU/(21722:21722): Se conecto un cliente!
[INFO] 17:25:41:612 CPU/(21722:21722): Se conecto un cliente!
[INFO] 17:25:42:091 CPU/(21722:21722): Se conecto un cliente!
[INFO] 17:25:42:091 CPU/(21722:21722): Se conecto un cliente!
[WARNING] 17:26:40:316 CPU/(21722:24245): Cliente desconectado!
[WARNING] 17:26:40:316 CPU/(21722:24238): Cliente desconectado!
[WARNING] 17:26:40:316 CPU/(21722:24243): Cliente desconectado!
[WARNING] 17:26:40:316 CPU/(21722:24228): Cliente desconectado!
[WARNING] 17:26:40:316 CPU/(21722:24245): El cliente se desconectó del server
[WARNING] 17:26:40:316 CPU/(21722:24228): El cliente se desconectó del server
[WARNING] 17:26:40:316 CPU/(21722:24238): El cliente se desconectó del server
[WARNING] 17:26:40:316 CPU/(21722:24236): Cliente desconectado!
[WARNING] 17:26:40:316 CPU/(21722:24221): Cliente desconectado!
[WARNING] 17:26:40:317 CPU/(21722:24243): El cliente se desconectó del server
[WARNING] 17:26:40:317 CPU/(21722:24219): Cliente desconectado!
[WARNING] 17:26:40:317 CPU/(21722:24221): El cliente se desconectó del server
[WARNING] 17:26:40:317 CPU/(21722:24236): El cliente se desconectó del server
[WARNING] 17:26:40:316 CPU/(21722:24226): Cliente desconectado!
[WARNING] 17:26:40:317 CPU/(21722:24226): El cliente se desconectó del server
[WARNING] 17:26:40:317 CPU/(21722:24219): El cliente se desconectó del server
[INFO] 17:26:42:129 CPU/(21722:21722): Se conecto un cliente!
[INFO] 17:26:42:129 CPU/(21722:24345): Recibido handshake HANDSHAKE_KERNEL.
[WARNING] 17:26:42:129 CPU/(21722:24345): Cliente desconectado!
[WARNING] 17:26:42:129 CPU/(21722:24345): El cliente se desconectó del server
[INFO] 17:26:46:034 CPU/(21722:21722): Se conecto un cliente!
[INFO] 17:26:46:034 CPU/(21722:21722): Se conecto un cliente!
[INFO] 17:30:30:771 CPU/(24770:24770): CPU escuchando conexiones...
[INFO] 17:31:25:239 CPU/(25023:25023): CPU escuchando conexiones...
[INFO] 17:31:35:826 CPU/(25072:25072): CPU escuchando conexiones...
[INFO] 17:31:39:146 CPU/(25072:25072): Se conecto un cliente!
[INFO] 17:31:39:147 CPU/(25072:25106): Recibido handshake HANDSHAKE_KERNEL.
[WARNING] 17:31:39:147 CPU/(25072:25106): Cliente desconectado!
[WARNING] 17:31:39:147 CPU/(25072:25106): El cliente se desconectó del server
[INFO] 17:31:44:061 CPU/(25072:25072): Se conecto un cliente!
[INFO] 17:31:44:061 CPU/(25072:25072): Se conecto un cliente!
[INFO] 17:32:24:962 CPU/(25072:25072): Se conecto un cliente!
[INFO] 17:32:24:963 CPU/(25072:25072): Se conecto un cliente!
[WARNING] 17:33:20:958 CPU/(25072:25247): Cliente desconectado!
[WARNING] 17:33:20:958 CPU/(25072:25246): Cliente desconectado!
[WARNING] 17:33:20:958 CPU/(25072:25157): Cliente desconectado!
[WARNING] 17:33:20:958 CPU/(25072:25159): Cliente desconectado!
[WARNING] 17:33:20:958 CPU/(25072:25247): El cliente se desconectó del server
[WARNING] 17:33:20:958 CPU/(25072:25246): El cliente se desconectó del server
[WARNING] 17:33:20:958 CPU/(25072:25157): El cliente se desconectó del server
[WARNING] 17:33:20:958 CPU/(25072:25159): El cliente se desconectó del server
[INFO] 17:33:23:134 CPU/(25072:25072): Se conecto un cliente!
[INFO] 17:33:23:134 CPU/(25072:25391): Recibido handshake HANDSHAKE_KERNEL.
[WARNING] 17:33:23:134 CPU/(25072:25391): Cliente desconectado!
[WARNING] 17:33:23:134 CPU/(25072:25391): El cliente se desconectó del server
[INFO] 17:33:25:324 CPU/(25072:25072): Se conecto un cliente!
[INFO] 17:33:25:324 CPU/(25072:25072): Se conecto un cliente!
[WARNING] 17:33:39:487 CPU/(25072:25417): Cliente desconectado!
[WARNING] 17:33:39:487 CPU/(25072:25415): Cliente desconectado!
[WARNING] 17:33:39:487 CPU/(25072:25417): El cliente se desconectó del server
[WARNING] 17:33:39:487 CPU/(25072:25415): El cliente se desconectó del server
[INFO] 17:33:41:198 CPU/(25072:25072): Se conecto un cliente!
[INFO] 17:33:41:198 CPU/(25072:25511): Recibido handshake HANDSHAKE_KERNEL.
[WARNING] 17:33:41:198 CPU/(25072:25511): Cliente desconectado!
[WARNING] 17:33:41:198 CPU/(25072:25511): El cliente se desconectó del server
[INFO] 17:33:44:033 CPU/(25072:25072): Se conecto un cliente!
[INFO] 17:33:44:033 CPU/(25072:25072): Se conecto un cliente!
[WARNING] 17:36:39:246 CPU/(25072:25539): Cliente desconectado!
[WARNING] 17:36:39:246 CPU/(25072:25539): El cliente se desconectó del server
[WARNING] 17:36:39:246 CPU/(25072:25537): Cliente desconectado!
[WARNING] 17:36:39:246 CPU/(25072:25537): El cliente se desconectó del server
[INFO] 17:36:41:558 CPU/(25072:25072): Se conecto un cliente!
[INFO] 17:36:41:558 CPU/(25072:26078): Recibido handshake HANDSHAKE_KERNEL.
[WARNING] 17:36:41:558 CPU/(25072:26078): Cliente desconectado!
[WARNING] 17:36:41:558 CPU/(25072:26078): El cliente se desconectó del server
[INFO] 17:36:49:781 CPU/(26153:26153): CPU escuchando conexiones...
[INFO] 17:36:53:420 CPU/(26153:26153): Se conecto un cliente!
[INFO] 17:36:53:420 CPU/(26153:26187): Recibido handshake HANDSHAKE_KERNEL.
[WARNING] 17:36:53:420 CPU/(26153:26187): Cliente desconectado!
[WARNING] 17:36:53:420 CPU/(26153:26187): El cliente se desconectó del server
[INFO] 17:36:56:050 CPU/(26153:26153): Se conecto un cliente!
[INFO] 17:36:56:051 CPU/(26153:26153): Se conecto un cliente!
[INFO] 17:39:33:342 CPU/(26153:26153): Se conecto un cliente!
[INFO] 17:39:33:342 CPU/(26153:26153): Se conecto un cliente!
[INFO] 17:39:33:343 CPU/(26153:26153): Se conecto un cliente!
[INFO] 17:42:39:893 CPU/(26758:26758): CPU escuchando conexiones...
[INFO] 17:42:47:234 CPU/(26819:26819): CPU escuchando conexiones...
[INFO] 17:44:02:617 CPU/(27076:27076): CPU escuchando conexiones...
[INFO] 17:44:06:343 CPU/(27076:27076): Se conecto un cliente!
[INFO] 17:44:06:343 CPU/(27076:27112): Recibido handshake HANDSHAKE_KERNEL.
[WARNING] 17:44:06:343 CPU/(27076:27112): Cliente desconectado!
[WARNING] 17:44:06:343 CPU/(27076:27112): El cliente se desconectó del server
[INFO] 17:44:08:265 CPU/(27076:27076): Se conecto un cliente!
[INFO] 17:44:08:266 CPU/(27076:27076): Se conecto un cliente!
[INFO] 17:44:08:266 CPU/(27076:27076): Se conecto un cliente!
[WARNING] 17:44:54:142 CPU/(27076:27151): Cliente desconectado!
[WARNING] 17:44:54:142 CPU/(27076:27148): Cliente desconectado!
[WARNING] 17:44:54:142 CPU/(27076:27146): Cliente desconectado!
[WARNING] 17:44:54:142 CPU/(27076:27148): El cliente se desconectó del server
[WARNING] 17:44:54:142 CPU/(27076:27146): El cliente se desconectó del server
[WARNING] 17:44:54:142 CPU/(27076:27151): El cliente se desconectó del server
[INFO] 17:44:59:481 CPU/(27278:27278): CPU escuchando conexiones...
[INFO] 17:45:04:843 CPU/(27278:27278): Se conecto un cliente!
[INFO] 17:45:04:843 CPU/(27278:27312): Recibido handshake HANDSHAKE_KERNEL.
[WARNING] 17:45:04:844 CPU/(27278:27312): Cliente desconectado!
[WARNING] 17:45:04:844 CPU/(27278:27312): El cliente se desconectó del server
[INFO] 17:45:10:379 CPU/(27278:27278): Se conecto un cliente!
[INFO] 17:45:53:407 CPU/(27278:27278): Se conecto un cliente!
[INFO] 17:45:53:407 CPU/(27278:27490): Recibido handshake HANDSHAKE_KERNEL.
[WARNING] 17:45:53:407 CPU/(27278:27490): Cliente desconectado!
[WARNING] 17:45:53:407 CPU/(27278:27490): El cliente se desconectó del server
[INFO] 17:45:57:554 CPU/(27545:27545): CPU escuchando conexiones...
[INFO] 17:46:00:723 CPU/(27545:27545): Se conecto un cliente!
[INFO] 17:46:00:723 CPU/(27545:27569): Recibido handshake HANDSHAKE_KERNEL.
[WARNING] 17:46:00:724 CPU/(27545:27569): Cliente desconectado!
[WARNING] 17:46:00:724 CPU/(27545:27569): El cliente se desconectó del server
[INFO] 17:46:02:954 CPU/(27545:27545): Se conecto un cliente!
[INFO] 17:46:38:167 CPU/(27727:27727): CPU escuchando conexiones...
[INFO] 17:47:07:127 CPU/(27823:27823): CPU escuchando conexiones...
[INFO] 17:47:27:707 CPU/(27943:27943): CPU escuchando conexiones...
[INFO] 17:48:05:820 CPU/(28180:28180): CPU escuchando conexiones...
[INFO] 17:48:43:787 CPU/(28285:28285): CPU escuchando conexiones...
[INFO] 17:48:47:943 CPU/(28285:28285): Se conecto un cliente!
[INFO] 17:48:47:943 CPU/(28285:28307): Recibido handshake HANDSHAKE_KERNEL.
[WARNING] 17:48:47:943 CPU/(28285:28307): Cliente desconectado!
[WARNING] 17:48:47:943 CPU/(28285:28307): El cliente se desconectó del server
[INFO] 17:48:53:790 CPU/(28285:28285): Se conecto un cliente!
[INFO] 17:48:53:790 CPU/(28285:28285): Se conecto un cliente!
[INFO] 17:48:53:791 CPU/(28285:28285): Se conecto un cliente!
[WARNING] 17:49:13:535 CPU/(28285:28371): Cliente desconectado!
[WARNING] 17:49:13:535 CPU/(28285:28368): Cliente desconectado!
[WARNING] 17:49:13:535 CPU/(28285:28368): El cliente se desconectó del server
[WARNING] 17:49:13:535 CPU/(28285:28367): Cliente desconectado!
[WARNING] 17:49:13:535 CPU/(28285:28371): El cliente se desconectó del server
[WARNING] 17:49:13:535 CPU/(28285:28367): El cliente se desconectó del server
[INFO] 17:49:19:531 CPU/(28483:28483): CPU escuchando conexiones...
[INFO] 17:49:23:325 CPU/(28483:28483): Se conecto un cliente!
[INFO] 17:49:23:325 CPU/(28483:28517): Recibido handshake HANDSHAKE_KERNEL.
[WARNING] 17:49:23:325 CPU/(28483:28517): Cliente desconectado!
[WARNING] 17:49:23:325 CPU/(28483:28517): El cliente se desconectó del server
[INFO] 17:49:28:202 CPU/(28483:28483): Se conecto un cliente!
[INFO] 17:49:28:205 CPU/(28483:28483): Se conecto un cliente!
[INFO] 17:49:28:209 CPU/(28483:28483): Se conecto un cliente!
[WARNING] 17:49:49:433 CPU/(28483:28560): Cliente desconectado!
[WARNING] 17:49:49:433 CPU/(28483:28559): Cliente desconectado!
[WARNING] 17:49:49:433 CPU/(28483:28560): El cliente se desconectó del server
[WARNING] 17:49:49:433 CPU/(28483:28555): Cliente desconectado!
[WARNING] 17:49:49:433 CPU/(28483:28559): El cliente se desconectó del server
[WARNING] 17:49:49:433 CPU/(28483:28555): El cliente se desconectó del server
[INFO] 17:49:55:267 CPU/(28664:28664): CPU escuchando conexiones...
[INFO] 17:49:57:768 CPU/(28664:28664): Se conecto un cliente!
[INFO] 17:49:57:769 CPU/(28664:28694): Recibido handshake HANDSHAKE_KERNEL.
[WARNING] 17:49:57:769 CPU/(28664:28694): Cliente desconectado!
[WARNING] 17:49:57:769 CPU/(28664:28694): El cliente se desconectó del server
[INFO] 17:50:00:543 CPU/(28664:28664): Se conecto un cliente!
[INFO] 17:50:15:543 CPU/(28664:28664): Se conecto un cliente!
[INFO] 17:50:30:544 CPU/(28664:28664): Se conecto un cliente!
[WARNING] 17:51:45:250 CPU/(28664:28899): Cliente desconectado!
[WARNING] 17:51:45:250 CPU/(28664:28832): Cliente desconectado!
[WARNING] 17:51:45:250 CPU/(28664:28735): Cliente desconectado!
[WARNING] 17:51:45:250 CPU/(28664:28899): El cliente se desconectó del server
[WARNING] 17:51:45:250 CPU/(28664:28832): El cliente se desconectó del server
[WARNING] 17:51:45:250 CPU/(28664:28735): El cliente se desconectó del server
[INFO] 17:51:50:176 CPU/(28664:28664): Se conecto un cliente!
[INFO] 17:51:50:177 CPU/(28664:29097): Recibido handshake HANDSHAKE_KERNEL.
[WARNING] 17:51:50:177 CPU/(28664:29097): Cliente desconectado!
[WARNING] 17:51:50:177 CPU/(28664:29097): El cliente se desconectó del server
[INFO] 17:51:53:224 CPU/(28664:28664): Se conecto un cliente!
[WARNING] 17:52:08:224 CPU/(28664:29133): Cliente desconectado!
[WARNING] 17:52:08:224 CPU/(28664:29133): El cliente se desconectó del server
[INFO] 17:52:09:888 CPU/(28664:28664): Se conecto un cliente!
[INFO] 17:52:09:888 CPU/(28664:29273): Recibido handshake HANDSHAKE_KERNEL.
[WARNING] 17:52:09:888 CPU/(28664:29273): Cliente desconectado!
[WARNING] 17:52:09:888 CPU/(28664:29273): El cliente se desconectó del server
[INFO] 17:52:22:344 CPU/(28664:28664): Se conecto un cliente!
[INFO] 17:52:37:345 CPU/(28664:28664): Se conecto un cliente!
[INFO] 17:52:52:346 CPU/(28664:28664): Se conecto un cliente!
[WARNING] 17:53:05:591 CPU/(28664:29577): Cliente desconectado!
[WARNING] 17:53:05:591 CPU/(28664:29493): Cliente desconectado!
[WARNING] 17:53:05:592 CPU/(28664:29577): El cliente se desconectó del server
[WARNING] 17:53:05:592 CPU/(28664:29493): El cliente se desconectó del server
[WARNING] 17:53:05:592 CPU/(28664:29374): Cliente desconectado!
[WARNING] 17:53:05:592 CPU/(28664:29374): El cliente se desconectó del server
[INFO] 17:53:13:242 CPU/(28664:28664): Se conecto un cliente!
[INFO] 17:53:13:242 CPU/(28664:29771): Recibido handshake HANDSHAKE_KERNEL.
[WARNING] 17:53:13:242 CPU/(28664:29771): Cliente desconectado!
[WARNING] 17:53:13:242 CPU/(28664:29771): El cliente se desconectó del server
[INFO] 17:53:40:016 CPU/(28664:28664): Se conecto un cliente!
[INFO] 17:53:55:017 CPU/(28664:28664): Se conecto un cliente!
[INFO] 17:54:10:017 CPU/(28664:28664): Se conecto un cliente!
[WARNING] 17:55:01:398 CPU/(28664:29959): Cliente desconectado!
[WARNING] 17:55:01:398 CPU/(28664:29959): El cliente se desconectó del server
[WARNING] 17:55:01:398 CPU/(28664:30030): Cliente desconectado!
[WARNING] 17:55:01:398 CPU/(28664:29852): Cliente desconectado!
[WARNING] 17:55:01:398 CPU/(28664:30030): El cliente se desconectó del server
[WARNING] 17:55:01:398 CPU/(28664:29852): El cliente se desconectó del server
