[INFO] 16:33:56:483 MEMORIA/(63642:63642): Kernel escuchando conexiones...
[INFO] 16:34:31:991 MEMORIA/(63773:63773): Memoria escuchando conexiones...
[INFO] 16:35:49:699 MEMORIA/(64163:64163): Memoria escuchando conexiones...
[INFO] 16:35:51:761 MEMORIA/(64163:64163): Se conecto un cliente!
[INFO] 16:35:51:762 MEMORIA/(64163:64184): Recibido handshake HANDSHAKE_CPU.
[INFO] 17:08:14:525 MEMORIA/(69552:69552): Memoria escuchando conexiones...
[INFO] 17:08:29:629 MEMORIA/(69552:69552): Se conecto un cliente!
[INFO] 17:08:29:629 MEMORIA/(69552:69634): Recibido handshake HANDSHAKE_CPU.
[WARNING] 17:15:01:561 MEMORIA/(69552:69634): Cliente desconectado!
[WARNING] 17:15:01:561 MEMORIA/(69552:69634): El cliente se desconecto del server
[INFO] 17:15:07:996 MEMORIA/(69552:69552): Se conecto un cliente!
[INFO] 17:15:07:996 MEMORIA/(69552:70722): Recibido handshake HANDSHAKE_CPU.
[WARNING] 17:15:13:997 MEMORIA/(69552:70722): Cliente desconectado!
[WARNING] 17:15:13:997 MEMORIA/(69552:70722): El cliente se desconecto del server
[INFO] 17:17:59:784 MEMORIA/(71974:71974): Memoria escuchando conexiones...
[INFO] 17:18:06:740 MEMORIA/(71974:71974): Se conecto un cliente!
[INFO] 17:18:06:740 MEMORIA/(71974:71978): Recibido handshake HANDSHAKE_CPU.
[WARNING] 17:19:17:307 MEMORIA/(71974:71978): Cliente desconectado!
[WARNING] 17:19:17:307 MEMORIA/(71974:71978): El cliente se desconecto del server
[INFO] 17:19:53:968 MEMORIA/(72292:72292): Memoria escuchando conexiones...
[INFO] 17:19:57:724 MEMORIA/(72292:72292): Se conecto un cliente!
[INFO] 17:19:57:724 MEMORIA/(72292:72308): Recibido handshake HANDSHAKE_CPU.
[INFO] 17:20:21:980 MEMORIA/(72292:72292): Se conecto un cliente!
[INFO] 17:20:21:980 MEMORIA/(72292:72316): Recibido handshake HANDSHAKE_KERNEL.
[WARNING] 17:24:50:972 MEMORIA/(72292:72316): Cliente desconectado!
[WARNING] 17:24:50:972 MEMORIA/(72292:72316): El cliente se desconecto del server
[WARNING] 17:24:51:340 MEMORIA/(72292:72308): Cliente desconectado!
[WARNING] 17:24:51:341 MEMORIA/(72292:72308): El cliente se desconecto del server
[INFO] 17:27:22:624 MEMORIA/(73479:73479): Memoria escuchando conexiones...
[INFO] 17:27:25:515 MEMORIA/(73479:73479): Se conecto un cliente!
[INFO] 17:27:25:515 MEMORIA/(73479:73481): Recibido handshake HANDSHAKE_CPU.
[INFO] 17:27:40:177 MEMORIA/(73479:73479): Se conecto un cliente!
[INFO] 17:27:40:177 MEMORIA/(73479:73486): Recibido handshake HANDSHAKE_FILESYSTEM.
[INFO] 17:27:54:263 MEMORIA/(73479:73479): Se conecto un cliente!
[INFO] 17:27:54:263 MEMORIA/(73479:73524): Recibido handshake HANDSHAKE_KERNEL.
[WARNING] 17:28:05:495 MEMORIA/(73479:73524): Cliente desconectado!
[WARNING] 17:28:05:495 MEMORIA/(73479:73524): El cliente se desconecto del server
[WARNING] 17:28:08:179 MEMORIA/(73479:73481): Cliente desconectado!
[WARNING] 17:28:08:179 MEMORIA/(73479:73481): El cliente se desconecto del server
[WARNING] 17:28:08:886 MEMORIA/(73479:73486): Cliente desconectado!
[WARNING] 17:28:08:886 MEMORIA/(73479:73486): El cliente se desconecto del server
[INFO] 22:00:47:534 MEMORIA/(7090:7090): Memoria escuchando conexiones...
[INFO] 22:01:01:994 MEMORIA/(7090:7090): Se conecto un cliente!
[INFO] 22:01:01:997 MEMORIA/(7090:7113): Recibido handshake HANDSHAKE_KERNEL.
[WARNING] 22:01:23:978 MEMORIA/(7090:7113): Cliente desconectado!
[WARNING] 22:01:23:978 MEMORIA/(7090:7113): El cliente se desconecto del server
[INFO] 22:03:10:089 MEMORIA/(7504:7504): Memoria escuchando conexiones...
[INFO] 22:03:19:720 MEMORIA/(7504:7504): Se conecto un cliente!
[INFO] 22:03:19:727 MEMORIA/(7504:7554): Recibido handshake HANDSHAKE_KERNEL.
[INFO] 22:03:45:442 MEMORIA/(7504:7504): Se conecto un cliente!
[INFO] 22:03:45:444 MEMORIA/(7504:7647): Recibido handshake HANDSHAKE_KERNEL.
[INFO] 22:04:34:238 MEMORIA/(7504:7504): Se conecto un cliente!
[INFO] 22:04:34:249 MEMORIA/(7504:7729): Recibido handshake HANDSHAKE_KERNEL.
[WARNING] 22:07:43:168 MEMORIA/(7504:7554): Cliente desconectado!
[WARNING] 22:07:43:168 MEMORIA/(7504:7554): El cliente se desconecto del server
[WARNING] 22:07:50:155 MEMORIA/(7504:7647): Cliente desconectado!
[WARNING] 22:07:50:155 MEMORIA/(7504:7647): El cliente se desconecto del server
[WARNING] 22:07:54:400 MEMORIA/(7504:7729): Cliente desconectado!
[WARNING] 22:07:54:400 MEMORIA/(7504:7729): El cliente se desconecto del server
[INFO] 22:09:46:485 MEMORIA/(8565:8565): Memoria escuchando conexiones...
[INFO] 22:09:51:594 MEMORIA/(8565:8565): Se conecto un cliente!
[INFO] 22:09:51:601 MEMORIA/(8565:8588): Recibido handshake HANDSHAKE_CPU.
[INFO] 22:10:01:145 MEMORIA/(8565:8565): Se conecto un cliente!
[INFO] 22:10:01:153 MEMORIA/(8565:8665): Recibido handshake HANDSHAKE_FILESYSTEM.
[INFO] 22:10:22:717 MEMORIA/(8565:8565): Se conecto un cliente!
[INFO] 22:10:22:721 MEMORIA/(8565:8736): Recibido handshake HANDSHAKE_KERNEL.
[WARNING] 22:12:09:030 MEMORIA/(8565:8736): Cliente desconectado!
[WARNING] 22:12:09:030 MEMORIA/(8565:8736): El cliente se desconecto del server
